2024-10-09 11:19:07 [main] INFO  c.i.t.prices.PricesApplicationTests -  - Starting PricesApplicationTests using Java 17.0.12 with PID 12759 (started by pablo in /home/pablo/development/IdeaProjects/inditex/prices)
2024-10-09 11:19:07 [main] DEBUG c.i.t.prices.PricesApplicationTests -  - Running with Spring Boot v3.3.4, Spring v6.1.13
2024-10-09 11:19:07 [main] INFO  c.i.t.prices.PricesApplicationTests -  - The following 1 profile is active: "test"
2024-10-09 11:19:13 [main] WARN  o.s.b.a.o.j.JpaBaseConfiguration$JpaWebConfiguration -  - spring.jpa.open-in-view is enabled by default. Therefore, database queries may be performed during view rendering. Explicitly configure spring.jpa.open-in-view to disable this warning
2024-10-09 11:19:14 [main] INFO  c.i.t.prices.PricesApplicationTests -  - Started PricesApplicationTests in 7.294 seconds (process running for 8.553)
2024-10-09 11:19:16 [http-nio-auto-1-exec-1] INFO  c.i.t.p.controllers.PriceController - 83bd0e78-1c41-4d34-8cb2-590bf4e482ac - new get request getProductPriceOfBrandOnDate
2024-10-09 11:19:16 [http-nio-auto-1-exec-1] DEBUG c.i.t.p.controllers.PriceController - 83bd0e78-1c41-4d34-8cb2-590bf4e482ac - Get request getProductPriceOfBrandOnDate. priceRequest: PriceRequest(productId=35455, brandId=1, priceDate=2020-06-14T16:00)
2024-10-09 11:19:16 [http-nio-auto-1-exec-1] DEBUG c.i.t.p.controllers.PriceController - 83bd0e78-1c41-4d34-8cb2-590bf4e482ac - Get request getProductPriceOfBrandOnDate. response OK
2024-10-09 11:19:16 [http-nio-auto-1-exec-1] DEBUG c.i.t.p.controllers.PriceController - 83bd0e78-1c41-4d34-8cb2-590bf4e482ac - Get request getProductPriceOfBrandOnDate. priceResponse: PriceResponse(priceList=2, productId=35455, brandId=1, startDate=2020-06-14T15:00, endDate=2020-06-14T18:30, value=25.45)
2024-10-09 11:19:17 [http-nio-auto-1-exec-2] INFO  c.i.t.p.controllers.PriceController - 79779b9f-c90f-46e0-9d0e-e93d81e10b20 - new get request getProductPriceOfBrandOnDate
2024-10-09 11:19:17 [http-nio-auto-1-exec-2] DEBUG c.i.t.p.controllers.PriceController - 79779b9f-c90f-46e0-9d0e-e93d81e10b20 - Get request getProductPriceOfBrandOnDate. priceRequest: PriceRequest(productId=35455, brandId=1, priceDate=2021-08-16T21:00)
2024-10-09 11:19:17 [http-nio-auto-1-exec-2] WARN  c.i.t.p.controllers.PriceController - 79779b9f-c90f-46e0-9d0e-e93d81e10b20 - No price found for the given request. Returning 404.
2024-10-09 11:19:17 [http-nio-auto-1-exec-3] INFO  c.i.t.p.controllers.PriceController - a9dbf853-2e9c-43d2-b190-1a839a1df1aa - new get request getProductPriceOfBrandOnDate
2024-10-09 11:19:17 [http-nio-auto-1-exec-3] DEBUG c.i.t.p.controllers.PriceController - a9dbf853-2e9c-43d2-b190-1a839a1df1aa - Get request getProductPriceOfBrandOnDate. priceRequest: PriceRequest(productId=35455, brandId=1, priceDate=2020-06-16T21:00)
2024-10-09 11:19:17 [http-nio-auto-1-exec-3] DEBUG c.i.t.p.controllers.PriceController - a9dbf853-2e9c-43d2-b190-1a839a1df1aa - Get request getProductPriceOfBrandOnDate. response OK
2024-10-09 11:19:17 [http-nio-auto-1-exec-3] DEBUG c.i.t.p.controllers.PriceController - a9dbf853-2e9c-43d2-b190-1a839a1df1aa - Get request getProductPriceOfBrandOnDate. priceResponse: PriceResponse(priceList=4, productId=35455, brandId=1, startDate=2020-06-15T16:00, endDate=2020-12-31T23:59:59, value=38.95)
2024-10-09 11:19:17 [http-nio-auto-1-exec-5] INFO  c.i.t.p.controllers.PriceController - 5dbeb8de-4ccc-474f-83c5-09c94a2e18dd - new get request getProductPriceOfBrandOnDate
2024-10-09 11:19:17 [http-nio-auto-1-exec-5] DEBUG c.i.t.p.controllers.PriceController - 5dbeb8de-4ccc-474f-83c5-09c94a2e18dd - Get request getProductPriceOfBrandOnDate. priceRequest: PriceRequest(productId=35455, brandId=1, priceDate=2020-06-14T21:00)
2024-10-09 11:19:17 [http-nio-auto-1-exec-5] DEBUG c.i.t.p.controllers.PriceController - 5dbeb8de-4ccc-474f-83c5-09c94a2e18dd - Get request getProductPriceOfBrandOnDate. response OK
2024-10-09 11:19:17 [http-nio-auto-1-exec-5] DEBUG c.i.t.p.controllers.PriceController - 5dbeb8de-4ccc-474f-83c5-09c94a2e18dd - Get request getProductPriceOfBrandOnDate. priceResponse: PriceResponse(priceList=1, productId=35455, brandId=1, startDate=2020-06-14T00:00, endDate=2020-12-31T23:59:59, value=35.50)
2024-10-09 11:19:17 [http-nio-auto-1-exec-6] INFO  c.i.t.p.controllers.PriceController - a72c5585-f10d-4cfa-a7f5-e6767bdce441 - new get request getProductPriceOfBrandOnDate
2024-10-09 11:19:17 [http-nio-auto-1-exec-6] DEBUG c.i.t.p.controllers.PriceController - a72c5585-f10d-4cfa-a7f5-e6767bdce441 - Get request getProductPriceOfBrandOnDate. priceRequest: PriceRequest(productId=35455, brandId=1, priceDate=2020-06-15T10:00)
2024-10-09 11:19:17 [http-nio-auto-1-exec-6] DEBUG c.i.t.p.controllers.PriceController - a72c5585-f10d-4cfa-a7f5-e6767bdce441 - Get request getProductPriceOfBrandOnDate. response OK
2024-10-09 11:19:17 [http-nio-auto-1-exec-6] DEBUG c.i.t.p.controllers.PriceController - a72c5585-f10d-4cfa-a7f5-e6767bdce441 - Get request getProductPriceOfBrandOnDate. priceResponse: PriceResponse(priceList=3, productId=35455, brandId=1, startDate=2020-06-15T00:00, endDate=2020-06-15T11:00, value=30.50)
2024-10-09 11:19:17 [http-nio-auto-1-exec-7] INFO  c.i.t.p.controllers.PriceController - 0dd095d8-fad3-4015-86aa-7793507bed6c - new get request getProductPriceOfBrandOnDate
2024-10-09 11:19:17 [http-nio-auto-1-exec-7] DEBUG c.i.t.p.controllers.PriceController - 0dd095d8-fad3-4015-86aa-7793507bed6c - Get request getProductPriceOfBrandOnDate. priceRequest: PriceRequest(productId=35455, brandId=1, priceDate=2020-06-14T10:00)
2024-10-09 11:19:17 [http-nio-auto-1-exec-7] DEBUG c.i.t.p.controllers.PriceController - 0dd095d8-fad3-4015-86aa-7793507bed6c - Get request getProductPriceOfBrandOnDate. response OK
2024-10-09 11:19:17 [http-nio-auto-1-exec-7] DEBUG c.i.t.p.controllers.PriceController - 0dd095d8-fad3-4015-86aa-7793507bed6c - Get request getProductPriceOfBrandOnDate. priceResponse: PriceResponse(priceList=1, productId=35455, brandId=1, startDate=2020-06-14T00:00, endDate=2020-12-31T23:59:59, value=35.50)
2024-10-09 11:19:17 [http-nio-auto-1-exec-8] INFO  c.i.t.p.controllers.PriceController - 4d6a1609-2170-4e11-852e-d03b0abb1e49 - new get request getProductPriceOfBrandOnDate
2024-10-09 11:19:17 [http-nio-auto-1-exec-8] DEBUG c.i.t.p.controllers.PriceController - 4d6a1609-2170-4e11-852e-d03b0abb1e49 - Get request getProductPriceOfBrandOnDate. priceRequest: PriceRequest(productId=35455, brandId=1, priceDate=2020-06-16T21:00)
2024-10-09 11:19:17 [http-nio-auto-1-exec-8] DEBUG c.i.t.p.controllers.PriceController - 4d6a1609-2170-4e11-852e-d03b0abb1e49 - Get request getProductPriceOfBrandOnDate. response OK
2024-10-09 11:19:17 [http-nio-auto-1-exec-8] DEBUG c.i.t.p.controllers.PriceController - 4d6a1609-2170-4e11-852e-d03b0abb1e49 - Get request getProductPriceOfBrandOnDate. priceResponse: PriceResponse(priceList=4, productId=35455, brandId=1, startDate=2020-06-15T16:00, endDate=2020-12-31T23:59:59, value=38.95)
2024-10-09 11:19:18 [main] INFO  c.i.t.p.controllers.PriceController -  - new get request getProductPriceOfBrandOnDate
2024-10-09 11:19:18 [main] DEBUG c.i.t.p.controllers.PriceController -  - Get request getProductPriceOfBrandOnDate. priceRequest: PriceRequest(productId=1, brandId=1, priceDate=2024-10-09T11:19:18.752286182)
2024-10-09 11:19:18 [main] WARN  c.i.t.p.controllers.PriceController -  - No price found for the given request. Returning 404.
2024-10-09 11:19:18 [main] INFO  c.i.t.p.controllers.PriceController -  - new get request getProductPriceOfBrandOnDate
2024-10-09 11:19:18 [main] DEBUG c.i.t.p.controllers.PriceController -  - Get request getProductPriceOfBrandOnDate. priceRequest: PriceRequest(productId=1, brandId=1, priceDate=2024-10-09T11:19:18)
2024-10-09 11:19:18 [main] DEBUG c.i.t.p.controllers.PriceController -  - Get request getProductPriceOfBrandOnDate. response OK
2024-10-09 11:19:18 [main] DEBUG c.i.t.p.controllers.PriceController -  - Get request getProductPriceOfBrandOnDate. priceResponse: PriceResponse(priceList=1, productId=1, brandId=1, startDate=2024-10-09T11:19:18, endDate=2024-10-10T11:19:18, value=100)
2024-10-09 11:23:22 [main] INFO  c.i.t.prices.PricesApplicationTests -  - Starting PricesApplicationTests using Java 17.0.12 with PID 7122 (started by pablo in /home/pablo/development/IdeaProjects/inditex/prices)
2024-10-09 11:23:22 [main] DEBUG c.i.t.prices.PricesApplicationTests -  - Running with Spring Boot v3.3.4, Spring v6.1.13
2024-10-09 11:23:22 [main] INFO  c.i.t.prices.PricesApplicationTests -  - The following 1 profile is active: "test"
2024-10-09 11:23:28 [main] WARN  o.s.b.a.o.j.JpaBaseConfiguration$JpaWebConfiguration -  - spring.jpa.open-in-view is enabled by default. Therefore, database queries may be performed during view rendering. Explicitly configure spring.jpa.open-in-view to disable this warning
2024-10-09 11:23:29 [main] INFO  c.i.t.prices.PricesApplicationTests -  - Started PricesApplicationTests in 8.04 seconds (process running for 9.469)
2024-10-09 11:23:31 [http-nio-auto-1-exec-1] INFO  c.i.t.p.controllers.PriceController - bb2b4029-86a8-4821-bfe8-1eef918887c0 - new get request getProductPriceOfBrandOnDate
2024-10-09 11:23:31 [http-nio-auto-1-exec-1] DEBUG c.i.t.p.controllers.PriceController - bb2b4029-86a8-4821-bfe8-1eef918887c0 - Get request getProductPriceOfBrandOnDate. priceRequest: PriceRequest(productId=35455, brandId=1, priceDate=2020-06-14T16:00)
2024-10-09 11:23:31 [http-nio-auto-1-exec-1] DEBUG c.i.t.p.controllers.PriceController - bb2b4029-86a8-4821-bfe8-1eef918887c0 - Get request getProductPriceOfBrandOnDate. response OK
2024-10-09 11:23:31 [http-nio-auto-1-exec-1] DEBUG c.i.t.p.controllers.PriceController - bb2b4029-86a8-4821-bfe8-1eef918887c0 - Get request getProductPriceOfBrandOnDate. priceResponse: PriceResponse(priceList=2, productId=35455, brandId=1, startDate=2020-06-14T15:00, endDate=2020-06-14T18:30, value=25.45)
2024-10-09 11:23:32 [http-nio-auto-1-exec-2] INFO  c.i.t.p.controllers.PriceController - 3afbca8b-8106-4b04-b4e3-f062936229cd - new get request getProductPriceOfBrandOnDate
2024-10-09 11:23:32 [http-nio-auto-1-exec-2] DEBUG c.i.t.p.controllers.PriceController - 3afbca8b-8106-4b04-b4e3-f062936229cd - Get request getProductPriceOfBrandOnDate. priceRequest: PriceRequest(productId=35455, brandId=1, priceDate=2021-08-16T21:00)
2024-10-09 11:23:32 [http-nio-auto-1-exec-2] WARN  c.i.t.p.controllers.PriceController - 3afbca8b-8106-4b04-b4e3-f062936229cd - No price found for the given request. Returning 404.
2024-10-09 11:23:32 [http-nio-auto-1-exec-3] INFO  c.i.t.p.controllers.PriceController - 1b99311e-35c7-4cc7-b08d-024c73588391 - new get request getProductPriceOfBrandOnDate
2024-10-09 11:23:32 [http-nio-auto-1-exec-3] DEBUG c.i.t.p.controllers.PriceController - 1b99311e-35c7-4cc7-b08d-024c73588391 - Get request getProductPriceOfBrandOnDate. priceRequest: PriceRequest(productId=35455, brandId=1, priceDate=2020-06-16T21:00)
2024-10-09 11:23:32 [http-nio-auto-1-exec-3] DEBUG c.i.t.p.controllers.PriceController - 1b99311e-35c7-4cc7-b08d-024c73588391 - Get request getProductPriceOfBrandOnDate. response OK
2024-10-09 11:23:32 [http-nio-auto-1-exec-3] DEBUG c.i.t.p.controllers.PriceController - 1b99311e-35c7-4cc7-b08d-024c73588391 - Get request getProductPriceOfBrandOnDate. priceResponse: PriceResponse(priceList=4, productId=35455, brandId=1, startDate=2020-06-15T16:00, endDate=2020-12-31T23:59:59, value=38.95)
2024-10-09 11:23:32 [http-nio-auto-1-exec-4] INFO  c.i.t.p.controllers.PriceController - e4c60f53-9e5d-4d6e-ad8d-0ebb50fa92b9 - new get request getProductPriceOfBrandOnDate
2024-10-09 11:23:32 [http-nio-auto-1-exec-4] DEBUG c.i.t.p.controllers.PriceController - e4c60f53-9e5d-4d6e-ad8d-0ebb50fa92b9 - Get request getProductPriceOfBrandOnDate. priceRequest: PriceRequest(productId=35455, brandId=1, priceDate=2020-06-14T21:00)
2024-10-09 11:23:32 [http-nio-auto-1-exec-4] DEBUG c.i.t.p.controllers.PriceController - e4c60f53-9e5d-4d6e-ad8d-0ebb50fa92b9 - Get request getProductPriceOfBrandOnDate. response OK
2024-10-09 11:23:32 [http-nio-auto-1-exec-4] DEBUG c.i.t.p.controllers.PriceController - e4c60f53-9e5d-4d6e-ad8d-0ebb50fa92b9 - Get request getProductPriceOfBrandOnDate. priceResponse: PriceResponse(priceList=1, productId=35455, brandId=1, startDate=2020-06-14T00:00, endDate=2020-12-31T23:59:59, value=35.50)
2024-10-09 11:23:32 [http-nio-auto-1-exec-5] INFO  c.i.t.p.controllers.PriceController - a7b0e7b1-bf64-4df7-9490-e3366d1e3511 - new get request getProductPriceOfBrandOnDate
2024-10-09 11:23:32 [http-nio-auto-1-exec-5] DEBUG c.i.t.p.controllers.PriceController - a7b0e7b1-bf64-4df7-9490-e3366d1e3511 - Get request getProductPriceOfBrandOnDate. priceRequest: PriceRequest(productId=35455, brandId=1, priceDate=2020-06-15T10:00)
2024-10-09 11:23:32 [http-nio-auto-1-exec-5] DEBUG c.i.t.p.controllers.PriceController - a7b0e7b1-bf64-4df7-9490-e3366d1e3511 - Get request getProductPriceOfBrandOnDate. response OK
2024-10-09 11:23:32 [http-nio-auto-1-exec-5] DEBUG c.i.t.p.controllers.PriceController - a7b0e7b1-bf64-4df7-9490-e3366d1e3511 - Get request getProductPriceOfBrandOnDate. priceResponse: PriceResponse(priceList=3, productId=35455, brandId=1, startDate=2020-06-15T00:00, endDate=2020-06-15T11:00, value=30.50)
2024-10-09 11:23:32 [http-nio-auto-1-exec-6] INFO  c.i.t.p.controllers.PriceController - 2f171193-9b76-43c9-b4ee-6cdd7c30bf45 - new get request getProductPriceOfBrandOnDate
2024-10-09 11:23:32 [http-nio-auto-1-exec-6] DEBUG c.i.t.p.controllers.PriceController - 2f171193-9b76-43c9-b4ee-6cdd7c30bf45 - Get request getProductPriceOfBrandOnDate. priceRequest: PriceRequest(productId=35455, brandId=1, priceDate=2020-06-14T10:00)
2024-10-09 11:23:32 [http-nio-auto-1-exec-6] DEBUG c.i.t.p.controllers.PriceController - 2f171193-9b76-43c9-b4ee-6cdd7c30bf45 - Get request getProductPriceOfBrandOnDate. response OK
2024-10-09 11:23:32 [http-nio-auto-1-exec-6] DEBUG c.i.t.p.controllers.PriceController - 2f171193-9b76-43c9-b4ee-6cdd7c30bf45 - Get request getProductPriceOfBrandOnDate. priceResponse: PriceResponse(priceList=1, productId=35455, brandId=1, startDate=2020-06-14T00:00, endDate=2020-12-31T23:59:59, value=35.50)
2024-10-09 11:23:32 [http-nio-auto-1-exec-1] INFO  c.i.t.p.controllers.PriceController - 821427ed-fc53-44cf-880d-efd24f8adc1f - new get request getProductPriceOfBrandOnDate
2024-10-09 11:23:33 [http-nio-auto-1-exec-1] DEBUG c.i.t.p.controllers.PriceController - 821427ed-fc53-44cf-880d-efd24f8adc1f - Get request getProductPriceOfBrandOnDate. priceRequest: PriceRequest(productId=35455, brandId=1, priceDate=2020-06-16T21:00)
2024-10-09 11:23:33 [http-nio-auto-1-exec-1] DEBUG c.i.t.p.controllers.PriceController - 821427ed-fc53-44cf-880d-efd24f8adc1f - Get request getProductPriceOfBrandOnDate. response OK
2024-10-09 11:23:33 [http-nio-auto-1-exec-1] DEBUG c.i.t.p.controllers.PriceController - 821427ed-fc53-44cf-880d-efd24f8adc1f - Get request getProductPriceOfBrandOnDate. priceResponse: PriceResponse(priceList=4, productId=35455, brandId=1, startDate=2020-06-15T16:00, endDate=2020-12-31T23:59:59, value=38.95)
2024-10-09 11:23:33 [main] INFO  c.i.t.p.controllers.PriceController -  - new get request getProductPriceOfBrandOnDate
2024-10-09 11:23:33 [main] DEBUG c.i.t.p.controllers.PriceController -  - Get request getProductPriceOfBrandOnDate. priceRequest: PriceRequest(productId=1, brandId=1, priceDate=2024-10-09T11:23:33.653914409)
2024-10-09 11:23:33 [main] WARN  c.i.t.p.controllers.PriceController -  - No price found for the given request. Returning 404.
2024-10-09 11:23:33 [main] INFO  c.i.t.p.controllers.PriceController -  - new get request getProductPriceOfBrandOnDate
2024-10-09 11:23:33 [main] DEBUG c.i.t.p.controllers.PriceController -  - Get request getProductPriceOfBrandOnDate. priceRequest: PriceRequest(productId=1, brandId=1, priceDate=2024-10-09T11:23:33)
2024-10-09 11:23:33 [main] DEBUG c.i.t.p.controllers.PriceController -  - Get request getProductPriceOfBrandOnDate. response OK
2024-10-09 11:23:33 [main] DEBUG c.i.t.p.controllers.PriceController -  - Get request getProductPriceOfBrandOnDate. priceResponse: PriceResponse(priceList=1, productId=1, brandId=1, startDate=2024-10-09T11:23:33, endDate=2024-10-10T11:23:33, value=100)
2024-10-09 11:24:02 [restartedMain] INFO  c.i.t.prices.PricesApplication -  - Starting PricesApplication using Java 17.0.12 with PID 7299 (/home/pablo/development/IdeaProjects/inditex/prices/target/classes started by pablo in /home/pablo/development/IdeaProjects/inditex/prices)
2024-10-09 11:24:02 [restartedMain] DEBUG c.i.t.prices.PricesApplication -  - Running with Spring Boot v3.3.4, Spring v6.1.13
2024-10-09 11:24:02 [restartedMain] INFO  c.i.t.prices.PricesApplication -  - No active profile set, falling back to 1 default profile: "default"
2024-10-09 11:24:06 [restartedMain] WARN  o.s.b.a.o.j.JpaBaseConfiguration$JpaWebConfiguration -  - spring.jpa.open-in-view is enabled by default. Therefore, database queries may be performed during view rendering. Explicitly configure spring.jpa.open-in-view to disable this warning
2024-10-09 11:24:07 [restartedMain] INFO  c.i.t.prices.PricesApplication -  - Started PricesApplication in 5.465 seconds (process running for 5.824)
2024-10-09 11:24:51 [http-nio-8080-exec-2] INFO  c.i.t.p.controllers.PriceController - d3b19553-2ff0-4ad1-9538-26bf3529f03f - new get request getProductPriceOfBrandOnDate
2024-10-09 11:24:51 [http-nio-8080-exec-2] DEBUG c.i.t.p.controllers.PriceController - d3b19553-2ff0-4ad1-9538-26bf3529f03f - Get request getProductPriceOfBrandOnDate. priceRequest: PriceRequest(productId=35455, brandId=1, priceDate=2020-06-16T21:00)
2024-10-09 11:24:52 [http-nio-8080-exec-2] DEBUG c.i.t.p.controllers.PriceController - d3b19553-2ff0-4ad1-9538-26bf3529f03f - Get request getProductPriceOfBrandOnDate. response OK
2024-10-09 11:24:52 [http-nio-8080-exec-2] DEBUG c.i.t.p.controllers.PriceController - d3b19553-2ff0-4ad1-9538-26bf3529f03f - Get request getProductPriceOfBrandOnDate. priceResponse: PriceResponse(priceList=4, productId=35455, brandId=1, startDate=2020-06-15T16:00, endDate=2020-12-31T23:59:59, value=38.95)
2024-10-09 11:24:58 [http-nio-8080-exec-3] INFO  c.i.t.p.controllers.PriceController - 3a50cd84-fdfe-4c1c-a2df-cc988d041257 - new get request getProductPriceOfBrandOnDate
2024-10-09 11:24:58 [http-nio-8080-exec-3] DEBUG c.i.t.p.controllers.PriceController - 3a50cd84-fdfe-4c1c-a2df-cc988d041257 - Get request getProductPriceOfBrandOnDate. priceRequest: PriceRequest(productId=35455, brandId=1, priceDate=2020-06-16T21:00)
2024-10-09 11:24:58 [http-nio-8080-exec-3] DEBUG c.i.t.p.controllers.PriceController - 3a50cd84-fdfe-4c1c-a2df-cc988d041257 - Get request getProductPriceOfBrandOnDate. response OK
2024-10-09 11:24:58 [http-nio-8080-exec-3] DEBUG c.i.t.p.controllers.PriceController - 3a50cd84-fdfe-4c1c-a2df-cc988d041257 - Get request getProductPriceOfBrandOnDate. priceResponse: PriceResponse(priceList=4, productId=35455, brandId=1, startDate=2020-06-15T16:00, endDate=2020-12-31T23:59:59, value=38.95)
2024-10-09 11:25:05 [SpringApplicationShutdownHook] WARN  o.s.b.f.s.DisposableBeanAdapter -  - Invocation of destroy method failed on bean with name 'inMemoryDatabaseShutdownExecutor': org.h2.jdbc.JdbcSQLNonTransientConnectionException: La base de datos ya esta cerrada (para des-habilitar el cerrado automatico durante el shutdown de la VM, agregue ";DB_CLOSE_ON_EXIT=FALSE" a la URL de conexión)
Database is already closed (to disable automatic closing at VM shutdown, add ";DB_CLOSE_ON_EXIT=FALSE" to the db URL) [90121-224]
2024-10-09 11:25:56 [main] INFO  c.i.t.prices.PricesApplication -  - Starting PricesApplication v0.0.1-SNAPSHOT using Java 17.0.12 with PID 7774 (/home/pablo/development/IdeaProjects/inditex/prices/target/prices-0.0.1-SNAPSHOT.jar started by pablo in /home/pablo/development/IdeaProjects/inditex/prices)
2024-10-09 11:25:56 [main] DEBUG c.i.t.prices.PricesApplication -  - Running with Spring Boot v3.3.4, Spring v6.1.13
2024-10-09 11:25:56 [main] INFO  c.i.t.prices.PricesApplication -  - No active profile set, falling back to 1 default profile: "default"
2024-10-09 11:26:02 [main] WARN  o.s.b.a.o.j.JpaBaseConfiguration$JpaWebConfiguration -  - spring.jpa.open-in-view is enabled by default. Therefore, database queries may be performed during view rendering. Explicitly configure spring.jpa.open-in-view to disable this warning
2024-10-09 11:26:03 [main] INFO  c.i.t.prices.PricesApplication -  - Started PricesApplication in 8.217 seconds (process running for 8.886)
2024-10-09 11:26:16 [http-nio-8080-exec-2] INFO  c.i.t.p.controllers.PriceController - 01c945a6-4190-4a77-ad86-92ff20f7c16e - new get request getProductPriceOfBrandOnDate
2024-10-09 11:26:16 [http-nio-8080-exec-2] DEBUG c.i.t.p.controllers.PriceController - 01c945a6-4190-4a77-ad86-92ff20f7c16e - Get request getProductPriceOfBrandOnDate. priceRequest: PriceRequest(productId=35455, brandId=1, priceDate=2020-06-16T21:00)
2024-10-09 11:26:16 [http-nio-8080-exec-2] DEBUG c.i.t.p.controllers.PriceController - 01c945a6-4190-4a77-ad86-92ff20f7c16e - Get request getProductPriceOfBrandOnDate. response OK
2024-10-09 11:26:16 [http-nio-8080-exec-2] DEBUG c.i.t.p.controllers.PriceController - 01c945a6-4190-4a77-ad86-92ff20f7c16e - Get request getProductPriceOfBrandOnDate. priceResponse: PriceResponse(priceList=4, productId=35455, brandId=1, startDate=2020-06-15T16:00, endDate=2020-12-31T23:59:59, value=38.95)
2024-10-09 11:26:45 [main] INFO  c.i.t.prices.PricesApplicationTests -  - Starting PricesApplicationTests using Java 17.0.12 with PID 8012 (started by pablo in /home/pablo/development/IdeaProjects/inditex/prices)
2024-10-09 11:26:45 [main] DEBUG c.i.t.prices.PricesApplicationTests -  - Running with Spring Boot v3.3.4, Spring v6.1.13
2024-10-09 11:26:45 [main] INFO  c.i.t.prices.PricesApplicationTests -  - The following 1 profile is active: "test"
2024-10-09 11:26:50 [main] WARN  o.s.b.a.o.j.JpaBaseConfiguration$JpaWebConfiguration -  - spring.jpa.open-in-view is enabled by default. Therefore, database queries may be performed during view rendering. Explicitly configure spring.jpa.open-in-view to disable this warning
2024-10-09 11:26:52 [main] INFO  c.i.t.prices.PricesApplicationTests -  - Started PricesApplicationTests in 6.887 seconds (process running for 7.979)
2024-10-09 11:26:53 [http-nio-auto-1-exec-1] INFO  c.i.t.p.controllers.PriceController - c3a39f58-53a6-4a55-8516-0560e37e1ff3 - new get request getProductPriceOfBrandOnDate
2024-10-09 11:26:53 [http-nio-auto-1-exec-1] DEBUG c.i.t.p.controllers.PriceController - c3a39f58-53a6-4a55-8516-0560e37e1ff3 - Get request getProductPriceOfBrandOnDate. priceRequest: PriceRequest(productId=35455, brandId=1, priceDate=2020-06-14T16:00)
2024-10-09 11:26:54 [http-nio-auto-1-exec-1] DEBUG c.i.t.p.controllers.PriceController - c3a39f58-53a6-4a55-8516-0560e37e1ff3 - Get request getProductPriceOfBrandOnDate. response OK
2024-10-09 11:26:54 [http-nio-auto-1-exec-1] DEBUG c.i.t.p.controllers.PriceController - c3a39f58-53a6-4a55-8516-0560e37e1ff3 - Get request getProductPriceOfBrandOnDate. priceResponse: PriceResponse(priceList=2, productId=35455, brandId=1, startDate=2020-06-14T15:00, endDate=2020-06-14T18:30, value=25.45)
2024-10-09 11:26:54 [http-nio-auto-1-exec-2] INFO  c.i.t.p.controllers.PriceController - 4a57e3c7-ed2d-40f1-8801-3d4e4f6f6c7e - new get request getProductPriceOfBrandOnDate
2024-10-09 11:26:54 [http-nio-auto-1-exec-2] DEBUG c.i.t.p.controllers.PriceController - 4a57e3c7-ed2d-40f1-8801-3d4e4f6f6c7e - Get request getProductPriceOfBrandOnDate. priceRequest: PriceRequest(productId=35455, brandId=1, priceDate=2021-08-16T21:00)
2024-10-09 11:26:54 [http-nio-auto-1-exec-2] WARN  c.i.t.p.controllers.PriceController - 4a57e3c7-ed2d-40f1-8801-3d4e4f6f6c7e - No price found for the given request. Returning 404.
2024-10-09 11:26:54 [http-nio-auto-1-exec-3] INFO  c.i.t.p.controllers.PriceController - f60d329c-652b-4d0b-ad66-e07fa7ec6657 - new get request getProductPriceOfBrandOnDate
2024-10-09 11:26:54 [http-nio-auto-1-exec-3] DEBUG c.i.t.p.controllers.PriceController - f60d329c-652b-4d0b-ad66-e07fa7ec6657 - Get request getProductPriceOfBrandOnDate. priceRequest: PriceRequest(productId=35455, brandId=1, priceDate=2020-06-16T21:00)
2024-10-09 11:26:54 [http-nio-auto-1-exec-3] DEBUG c.i.t.p.controllers.PriceController - f60d329c-652b-4d0b-ad66-e07fa7ec6657 - Get request getProductPriceOfBrandOnDate. response OK
2024-10-09 11:26:54 [http-nio-auto-1-exec-3] DEBUG c.i.t.p.controllers.PriceController - f60d329c-652b-4d0b-ad66-e07fa7ec6657 - Get request getProductPriceOfBrandOnDate. priceResponse: PriceResponse(priceList=4, productId=35455, brandId=1, startDate=2020-06-15T16:00, endDate=2020-12-31T23:59:59, value=38.95)
2024-10-09 11:26:55 [http-nio-auto-1-exec-4] INFO  c.i.t.p.controllers.PriceController - 7e2ecee6-ed91-4913-a361-e836c031f42e - new get request getProductPriceOfBrandOnDate
2024-10-09 11:26:55 [http-nio-auto-1-exec-4] DEBUG c.i.t.p.controllers.PriceController - 7e2ecee6-ed91-4913-a361-e836c031f42e - Get request getProductPriceOfBrandOnDate. priceRequest: PriceRequest(productId=35455, brandId=1, priceDate=2020-06-14T21:00)
2024-10-09 11:26:55 [http-nio-auto-1-exec-4] DEBUG c.i.t.p.controllers.PriceController - 7e2ecee6-ed91-4913-a361-e836c031f42e - Get request getProductPriceOfBrandOnDate. response OK
2024-10-09 11:26:55 [http-nio-auto-1-exec-4] DEBUG c.i.t.p.controllers.PriceController - 7e2ecee6-ed91-4913-a361-e836c031f42e - Get request getProductPriceOfBrandOnDate. priceResponse: PriceResponse(priceList=1, productId=35455, brandId=1, startDate=2020-06-14T00:00, endDate=2020-12-31T23:59:59, value=35.50)
2024-10-09 11:26:55 [http-nio-auto-1-exec-5] INFO  c.i.t.p.controllers.PriceController - 9084b046-8f2d-4ec8-88bb-643d5ccb31e0 - new get request getProductPriceOfBrandOnDate
2024-10-09 11:26:55 [http-nio-auto-1-exec-5] DEBUG c.i.t.p.controllers.PriceController - 9084b046-8f2d-4ec8-88bb-643d5ccb31e0 - Get request getProductPriceOfBrandOnDate. priceRequest: PriceRequest(productId=35455, brandId=1, priceDate=2020-06-15T10:00)
2024-10-09 11:26:55 [http-nio-auto-1-exec-5] DEBUG c.i.t.p.controllers.PriceController - 9084b046-8f2d-4ec8-88bb-643d5ccb31e0 - Get request getProductPriceOfBrandOnDate. response OK
2024-10-09 11:26:55 [http-nio-auto-1-exec-5] DEBUG c.i.t.p.controllers.PriceController - 9084b046-8f2d-4ec8-88bb-643d5ccb31e0 - Get request getProductPriceOfBrandOnDate. priceResponse: PriceResponse(priceList=3, productId=35455, brandId=1, startDate=2020-06-15T00:00, endDate=2020-06-15T11:00, value=30.50)
2024-10-09 11:26:55 [http-nio-auto-1-exec-6] INFO  c.i.t.p.controllers.PriceController - af6c77b3-3305-4b95-bb67-e9f33cf130bc - new get request getProductPriceOfBrandOnDate
2024-10-09 11:26:55 [http-nio-auto-1-exec-6] DEBUG c.i.t.p.controllers.PriceController - af6c77b3-3305-4b95-bb67-e9f33cf130bc - Get request getProductPriceOfBrandOnDate. priceRequest: PriceRequest(productId=35455, brandId=1, priceDate=2020-06-14T10:00)
2024-10-09 11:26:55 [http-nio-auto-1-exec-6] DEBUG c.i.t.p.controllers.PriceController - af6c77b3-3305-4b95-bb67-e9f33cf130bc - Get request getProductPriceOfBrandOnDate. response OK
2024-10-09 11:26:55 [http-nio-auto-1-exec-6] DEBUG c.i.t.p.controllers.PriceController - af6c77b3-3305-4b95-bb67-e9f33cf130bc - Get request getProductPriceOfBrandOnDate. priceResponse: PriceResponse(priceList=1, productId=35455, brandId=1, startDate=2020-06-14T00:00, endDate=2020-12-31T23:59:59, value=35.50)
2024-10-09 11:26:55 [http-nio-auto-1-exec-7] INFO  c.i.t.p.controllers.PriceController - 1ba3b0cf-b7cf-4c9f-941a-304fb6285695 - new get request getProductPriceOfBrandOnDate
2024-10-09 11:26:55 [http-nio-auto-1-exec-7] DEBUG c.i.t.p.controllers.PriceController - 1ba3b0cf-b7cf-4c9f-941a-304fb6285695 - Get request getProductPriceOfBrandOnDate. priceRequest: PriceRequest(productId=35455, brandId=1, priceDate=2020-06-16T21:00)
2024-10-09 11:26:55 [http-nio-auto-1-exec-7] DEBUG c.i.t.p.controllers.PriceController - 1ba3b0cf-b7cf-4c9f-941a-304fb6285695 - Get request getProductPriceOfBrandOnDate. response OK
2024-10-09 11:26:55 [http-nio-auto-1-exec-7] DEBUG c.i.t.p.controllers.PriceController - 1ba3b0cf-b7cf-4c9f-941a-304fb6285695 - Get request getProductPriceOfBrandOnDate. priceResponse: PriceResponse(priceList=4, productId=35455, brandId=1, startDate=2020-06-15T16:00, endDate=2020-12-31T23:59:59, value=38.95)
2024-10-09 11:26:56 [main] INFO  c.i.t.p.controllers.PriceController -  - new get request getProductPriceOfBrandOnDate
2024-10-09 11:26:56 [main] DEBUG c.i.t.p.controllers.PriceController -  - Get request getProductPriceOfBrandOnDate. priceRequest: PriceRequest(productId=1, brandId=1, priceDate=2024-10-09T11:26:56.094895233)
2024-10-09 11:26:56 [main] WARN  c.i.t.p.controllers.PriceController -  - No price found for the given request. Returning 404.
2024-10-09 11:26:56 [main] INFO  c.i.t.p.controllers.PriceController -  - new get request getProductPriceOfBrandOnDate
2024-10-09 11:26:56 [main] DEBUG c.i.t.p.controllers.PriceController -  - Get request getProductPriceOfBrandOnDate. priceRequest: PriceRequest(productId=1, brandId=1, priceDate=2024-10-09T11:26:56)
2024-10-09 11:26:56 [main] DEBUG c.i.t.p.controllers.PriceController -  - Get request getProductPriceOfBrandOnDate. response OK
2024-10-09 11:26:56 [main] DEBUG c.i.t.p.controllers.PriceController -  - Get request getProductPriceOfBrandOnDate. priceResponse: PriceResponse(priceList=1, productId=1, brandId=1, startDate=2024-10-09T11:26:56, endDate=2024-10-10T11:26:56, value=100)
2024-10-09 11:28:22 [restartedMain] INFO  c.i.t.prices.PricesApplication -  - Starting PricesApplication using Java 17.0.12 with PID 8257 (/home/pablo/development/IdeaProjects/inditex/prices/target/classes started by pablo in /home/pablo/development/IdeaProjects/inditex/prices)
2024-10-09 11:28:22 [restartedMain] DEBUG c.i.t.prices.PricesApplication -  - Running with Spring Boot v3.3.4, Spring v6.1.13
2024-10-09 11:28:22 [restartedMain] INFO  c.i.t.prices.PricesApplication -  - No active profile set, falling back to 1 default profile: "default"
2024-10-09 11:28:26 [restartedMain] WARN  o.s.b.a.o.j.JpaBaseConfiguration$JpaWebConfiguration -  - spring.jpa.open-in-view is enabled by default. Therefore, database queries may be performed during view rendering. Explicitly configure spring.jpa.open-in-view to disable this warning
2024-10-09 11:28:27 [restartedMain] INFO  c.i.t.prices.PricesApplication -  - Started PricesApplication in 5.222 seconds (process running for 5.605)
2024-10-09 11:29:07 [http-nio-8080-exec-1] INFO  c.i.t.p.controllers.PriceController - b24b05cf-fc25-4d95-9697-dbeaf9bf0b46 - new get request getProductPriceOfBrandOnDate
2024-10-09 11:29:07 [http-nio-8080-exec-1] DEBUG c.i.t.p.controllers.PriceController - b24b05cf-fc25-4d95-9697-dbeaf9bf0b46 - Get request getProductPriceOfBrandOnDate. priceRequest: PriceRequest(productId=35455, brandId=1, priceDate=2020-06-14T10:00)
2024-10-09 11:29:07 [http-nio-8080-exec-1] DEBUG c.i.t.p.controllers.PriceController - b24b05cf-fc25-4d95-9697-dbeaf9bf0b46 - Get request getProductPriceOfBrandOnDate. response OK
2024-10-09 11:29:07 [http-nio-8080-exec-1] DEBUG c.i.t.p.controllers.PriceController - b24b05cf-fc25-4d95-9697-dbeaf9bf0b46 - Get request getProductPriceOfBrandOnDate. priceResponse: PriceResponse(priceList=1, productId=35455, brandId=1, startDate=2020-06-14T00:00, endDate=2020-12-31T23:59:59, value=35.50)
2024-10-09 11:29:07 [http-nio-8080-exec-2] INFO  c.i.t.p.controllers.PriceController - dd7f4a02-6842-4497-80a4-bbc95af4f526 - new get request getProductPriceOfBrandOnDate
2024-10-09 11:29:07 [http-nio-8080-exec-2] DEBUG c.i.t.p.controllers.PriceController - dd7f4a02-6842-4497-80a4-bbc95af4f526 - Get request getProductPriceOfBrandOnDate. priceRequest: PriceRequest(productId=35455, brandId=1, priceDate=2020-06-14T16:00)
2024-10-09 11:29:07 [http-nio-8080-exec-2] DEBUG c.i.t.p.controllers.PriceController - dd7f4a02-6842-4497-80a4-bbc95af4f526 - Get request getProductPriceOfBrandOnDate. response OK
2024-10-09 11:29:07 [http-nio-8080-exec-2] DEBUG c.i.t.p.controllers.PriceController - dd7f4a02-6842-4497-80a4-bbc95af4f526 - Get request getProductPriceOfBrandOnDate. priceResponse: PriceResponse(priceList=2, productId=35455, brandId=1, startDate=2020-06-14T15:00, endDate=2020-06-14T18:30, value=25.45)
2024-10-09 11:29:07 [http-nio-8080-exec-4] INFO  c.i.t.p.controllers.PriceController - e70e14ce-dd46-4bc2-b635-2cd2e628ed41 - new get request getProductPriceOfBrandOnDate
2024-10-09 11:29:07 [http-nio-8080-exec-4] DEBUG c.i.t.p.controllers.PriceController - e70e14ce-dd46-4bc2-b635-2cd2e628ed41 - Get request getProductPriceOfBrandOnDate. priceRequest: PriceRequest(productId=35455, brandId=1, priceDate=2020-06-14T21:00)
2024-10-09 11:29:07 [http-nio-8080-exec-4] DEBUG c.i.t.p.controllers.PriceController - e70e14ce-dd46-4bc2-b635-2cd2e628ed41 - Get request getProductPriceOfBrandOnDate. response OK
2024-10-09 11:29:07 [http-nio-8080-exec-4] DEBUG c.i.t.p.controllers.PriceController - e70e14ce-dd46-4bc2-b635-2cd2e628ed41 - Get request getProductPriceOfBrandOnDate. priceResponse: PriceResponse(priceList=1, productId=35455, brandId=1, startDate=2020-06-14T00:00, endDate=2020-12-31T23:59:59, value=35.50)
2024-10-09 11:29:07 [http-nio-8080-exec-6] INFO  c.i.t.p.controllers.PriceController - 602796cc-a4d3-4210-a0a0-0fee95b28c55 - new get request getProductPriceOfBrandOnDate
2024-10-09 11:29:07 [http-nio-8080-exec-6] DEBUG c.i.t.p.controllers.PriceController - 602796cc-a4d3-4210-a0a0-0fee95b28c55 - Get request getProductPriceOfBrandOnDate. priceRequest: PriceRequest(productId=35455, brandId=1, priceDate=2020-06-15T10:00)
2024-10-09 11:29:07 [http-nio-8080-exec-6] DEBUG c.i.t.p.controllers.PriceController - 602796cc-a4d3-4210-a0a0-0fee95b28c55 - Get request getProductPriceOfBrandOnDate. response OK
2024-10-09 11:29:07 [http-nio-8080-exec-6] DEBUG c.i.t.p.controllers.PriceController - 602796cc-a4d3-4210-a0a0-0fee95b28c55 - Get request getProductPriceOfBrandOnDate. priceResponse: PriceResponse(priceList=3, productId=35455, brandId=1, startDate=2020-06-15T00:00, endDate=2020-06-15T11:00, value=30.50)
2024-10-09 11:29:07 [http-nio-8080-exec-8] INFO  c.i.t.p.controllers.PriceController - 670e369b-1173-4bf5-833b-8968b8ce4b73 - new get request getProductPriceOfBrandOnDate
2024-10-09 11:29:07 [http-nio-8080-exec-8] DEBUG c.i.t.p.controllers.PriceController - 670e369b-1173-4bf5-833b-8968b8ce4b73 - Get request getProductPriceOfBrandOnDate. priceRequest: PriceRequest(productId=35455, brandId=1, priceDate=2020-06-16T21:00)
2024-10-09 11:29:07 [http-nio-8080-exec-8] DEBUG c.i.t.p.controllers.PriceController - 670e369b-1173-4bf5-833b-8968b8ce4b73 - Get request getProductPriceOfBrandOnDate. response OK
2024-10-09 11:29:07 [http-nio-8080-exec-8] DEBUG c.i.t.p.controllers.PriceController - 670e369b-1173-4bf5-833b-8968b8ce4b73 - Get request getProductPriceOfBrandOnDate. priceResponse: PriceResponse(priceList=4, productId=35455, brandId=1, startDate=2020-06-15T16:00, endDate=2020-12-31T23:59:59, value=38.95)
2024-10-09 11:29:07 [http-nio-8080-exec-10] INFO  c.i.t.p.controllers.PriceController - bbb2fd40-93b1-4b0f-8784-15dd8ff50bd8 - new get request getProductPriceOfBrandOnDate
2024-10-09 11:29:07 [http-nio-8080-exec-10] DEBUG c.i.t.p.controllers.PriceController - bbb2fd40-93b1-4b0f-8784-15dd8ff50bd8 - Get request getProductPriceOfBrandOnDate. priceRequest: PriceRequest(productId=35455, brandId=1, priceDate=2021-08-16T21:00)
2024-10-09 11:29:07 [http-nio-8080-exec-10] WARN  c.i.t.p.controllers.PriceController - bbb2fd40-93b1-4b0f-8784-15dd8ff50bd8 - No price found for the given request. Returning 404.
2024-10-09 11:29:38 [http-nio-8080-exec-9] ERROR c.i.t.p.c.HandlerExceptionController - 84973101-62ab-4030-8c0b-ecdb4c1697d8 - No static resource favicon.ico.. error: AppError(message=Internal Error, error=Internal Error, status=500, date=2024-10-09T11:29:38.984305416)
2024-10-09 11:29:39 [http-nio-8080-exec-9] WARN  o.s.w.s.m.m.a.ExceptionHandlerExceptionResolver - 84973101-62ab-4030-8c0b-ecdb4c1697d8 - Resolved [org.springframework.web.servlet.resource.NoResourceFoundException: No static resource favicon.ico.]
2024-10-09 11:29:42 [http-nio-8080-exec-4] ERROR c.i.t.p.c.HandlerExceptionController - bad9f61b-f43f-4b19-b09e-e5ee2fb25aef - No static resource favicon.ico.. error: AppError(message=Internal Error, error=Internal Error, status=500, date=2024-10-09T11:29:42.322146503)
2024-10-09 11:29:42 [http-nio-8080-exec-4] WARN  o.s.w.s.m.m.a.ExceptionHandlerExceptionResolver - bad9f61b-f43f-4b19-b09e-e5ee2fb25aef - Resolved [org.springframework.web.servlet.resource.NoResourceFoundException: No static resource favicon.ico.]
2024-10-09 11:29:43 [http-nio-8080-exec-5] ERROR c.i.t.p.c.HandlerExceptionController - 7cedfb77-2fda-4822-87b8-06f7718ac883 - No static resource favicon.ico.. error: AppError(message=Internal Error, error=Internal Error, status=500, date=2024-10-09T11:29:43.301147051)
2024-10-09 11:29:43 [http-nio-8080-exec-5] WARN  o.s.w.s.m.m.a.ExceptionHandlerExceptionResolver - 7cedfb77-2fda-4822-87b8-06f7718ac883 - Resolved [org.springframework.web.servlet.resource.NoResourceFoundException: No static resource favicon.ico.]
2024-10-09 11:29:46 [http-nio-8080-exec-6] ERROR c.i.t.p.c.HandlerExceptionController - 478e8dfc-2d73-40e8-8527-c1369f388c9d - No static resource .. error: AppError(message=Internal Error, error=Internal Error, status=500, date=2024-10-09T11:29:46.404259087)
2024-10-09 11:29:46 [http-nio-8080-exec-6] WARN  o.s.w.s.m.m.a.ExceptionHandlerExceptionResolver - 478e8dfc-2d73-40e8-8527-c1369f388c9d - Resolved [org.springframework.web.servlet.resource.NoResourceFoundException: No static resource .]
2024-10-09 11:29:46 [http-nio-8080-exec-7] ERROR c.i.t.p.c.HandlerExceptionController - c9a8d84c-4b11-4832-9e2c-1fe3d7c6acfe - No static resource favicon.ico.. error: AppError(message=Internal Error, error=Internal Error, status=500, date=2024-10-09T11:29:46.609297343)
2024-10-09 11:29:46 [http-nio-8080-exec-7] WARN  o.s.w.s.m.m.a.ExceptionHandlerExceptionResolver - c9a8d84c-4b11-4832-9e2c-1fe3d7c6acfe - Resolved [org.springframework.web.servlet.resource.NoResourceFoundException: No static resource favicon.ico.]
2024-10-09 11:30:28 [http-nio-8080-exec-8] INFO  c.i.t.p.controllers.PriceController - 9d4e0595-2f00-4bc0-b0e9-547d61464b50 - new get request getProductPriceOfBrandOnDate
2024-10-09 11:30:28 [http-nio-8080-exec-8] DEBUG c.i.t.p.controllers.PriceController - 9d4e0595-2f00-4bc0-b0e9-547d61464b50 - Get request getProductPriceOfBrandOnDate. priceRequest: PriceRequest(productId=35455, brandId=1, priceDate=2021-08-16T21:00)
2024-10-09 11:30:28 [http-nio-8080-exec-8] WARN  c.i.t.p.controllers.PriceController - 9d4e0595-2f00-4bc0-b0e9-547d61464b50 - No price found for the given request. Returning 404.
2024-10-09 11:32:09 [http-nio-8080-exec-10] ERROR c.i.t.p.c.HandlerExceptionController - 85a90f5e-ecf9-43cb-9376-c81d8991a802 - No static resource .. error: AppError(message=Internal Error, error=Internal Error, status=500, date=2024-10-09T11:32:09.870508644)
2024-10-09 11:32:09 [http-nio-8080-exec-10] WARN  o.s.w.s.m.m.a.ExceptionHandlerExceptionResolver - 85a90f5e-ecf9-43cb-9376-c81d8991a802 - Resolved [org.springframework.web.servlet.resource.NoResourceFoundException: No static resource .]
2024-10-09 11:32:09 [http-nio-8080-exec-1] ERROR c.i.t.p.c.HandlerExceptionController - 16bcdf13-140e-42c3-80c4-c6d817f11bbe - No static resource favicon.ico.. error: AppError(message=Internal Error, error=Internal Error, status=500, date=2024-10-09T11:32:09.963843950)
2024-10-09 11:32:09 [http-nio-8080-exec-1] WARN  o.s.w.s.m.m.a.ExceptionHandlerExceptionResolver - 16bcdf13-140e-42c3-80c4-c6d817f11bbe - Resolved [org.springframework.web.servlet.resource.NoResourceFoundException: No static resource favicon.ico.]
2024-10-09 11:39:59 [http-nio-8080-exec-3] ERROR c.i.t.p.c.HandlerExceptionController - be906768-a017-4fa8-8df6-1a00627f2070 - No static resource favicon.ico.. error: AppError(message=Internal Error, error=Internal Error, status=500, date=2024-10-09T11:39:59.838305061)
2024-10-09 11:39:59 [http-nio-8080-exec-3] WARN  o.s.w.s.m.m.a.ExceptionHandlerExceptionResolver - be906768-a017-4fa8-8df6-1a00627f2070 - Resolved [org.springframework.web.servlet.resource.NoResourceFoundException: No static resource favicon.ico.]
2024-10-09 11:42:05 [http-nio-8080-exec-4] INFO  c.i.t.p.controllers.PriceController - 3a852cab-0ba9-499b-bf4b-ccb9918ac067 - new get request getProductPriceOfBrandOnDate
2024-10-09 11:42:05 [http-nio-8080-exec-4] DEBUG c.i.t.p.controllers.PriceController - 3a852cab-0ba9-499b-bf4b-ccb9918ac067 - Get request getProductPriceOfBrandOnDate. priceRequest: PriceRequest(productId=35455, brandId=1, priceDate=2020-06-14T10:00)
2024-10-09 11:42:05 [http-nio-8080-exec-4] DEBUG c.i.t.p.controllers.PriceController - 3a852cab-0ba9-499b-bf4b-ccb9918ac067 - Get request getProductPriceOfBrandOnDate. response OK
2024-10-09 11:42:05 [http-nio-8080-exec-4] DEBUG c.i.t.p.controllers.PriceController - 3a852cab-0ba9-499b-bf4b-ccb9918ac067 - Get request getProductPriceOfBrandOnDate. priceResponse: PriceResponse(priceList=1, productId=35455, brandId=1, startDate=2020-06-14T00:00, endDate=2020-12-31T23:59:59, value=35.50)
2024-10-09 11:53:17 [http-nio-8080-exec-6] INFO  c.i.t.p.controllers.PriceController - 93cc773f-c72f-4505-806b-69300d3c3738 - new get request getProductPriceOfBrandOnDate
2024-10-09 11:53:17 [http-nio-8080-exec-6] DEBUG c.i.t.p.controllers.PriceController - 93cc773f-c72f-4505-806b-69300d3c3738 - Get request getProductPriceOfBrandOnDate. priceRequest: PriceRequest(productId=35455, brandId=1, priceDate=2020-06-14T16:00)
2024-10-09 11:53:17 [http-nio-8080-exec-6] DEBUG c.i.t.p.controllers.PriceController - 93cc773f-c72f-4505-806b-69300d3c3738 - Get request getProductPriceOfBrandOnDate. response OK
2024-10-09 11:53:17 [http-nio-8080-exec-6] DEBUG c.i.t.p.controllers.PriceController - 93cc773f-c72f-4505-806b-69300d3c3738 - Get request getProductPriceOfBrandOnDate. priceResponse: PriceResponse(priceList=2, productId=35455, brandId=1, startDate=2020-06-14T15:00, endDate=2020-06-14T18:30, value=25.45)
2024-10-09 11:57:18 [http-nio-8080-exec-2] INFO  c.i.t.p.controllers.PriceController - 7735f958-75db-42a1-a5b4-df00b89b955b - new get request getProductPriceOfBrandOnDate
2024-10-09 11:57:18 [http-nio-8080-exec-2] DEBUG c.i.t.p.controllers.PriceController - 7735f958-75db-42a1-a5b4-df00b89b955b - Get request getProductPriceOfBrandOnDate. priceRequest: PriceRequest(productId=35455, brandId=1, priceDate=2020-06-14T21:00)
2024-10-09 11:57:18 [http-nio-8080-exec-2] DEBUG c.i.t.p.controllers.PriceController - 7735f958-75db-42a1-a5b4-df00b89b955b - Get request getProductPriceOfBrandOnDate. response OK
2024-10-09 11:57:18 [http-nio-8080-exec-2] DEBUG c.i.t.p.controllers.PriceController - 7735f958-75db-42a1-a5b4-df00b89b955b - Get request getProductPriceOfBrandOnDate. priceResponse: PriceResponse(priceList=1, productId=35455, brandId=1, startDate=2020-06-14T00:00, endDate=2020-12-31T23:59:59, value=35.50)
2024-10-09 12:08:36 [restartedMain] INFO  c.i.t.prices.PricesApplication -  - Starting PricesApplication using Java 17.0.12 with PID 6876 (/home/pablo/development/IdeaProjects/inditex/prices/target/classes started by pablo in /home/pablo/development/IdeaProjects/inditex/prices)
2024-10-09 12:08:36 [restartedMain] DEBUG c.i.t.prices.PricesApplication -  - Running with Spring Boot v3.3.4, Spring v6.1.13
2024-10-09 12:08:36 [restartedMain] INFO  c.i.t.prices.PricesApplication -  - No active profile set, falling back to 1 default profile: "default"
2024-10-09 12:08:41 [restartedMain] WARN  o.s.b.a.o.j.JpaBaseConfiguration$JpaWebConfiguration -  - spring.jpa.open-in-view is enabled by default. Therefore, database queries may be performed during view rendering. Explicitly configure spring.jpa.open-in-view to disable this warning
2024-10-09 12:08:41 [restartedMain] INFO  c.i.t.prices.PricesApplication -  - Started PricesApplication in 5.814 seconds (process running for 6.228)
2024-10-09 12:08:49 [http-nio-8080-exec-2] INFO  c.i.t.p.controllers.PriceController - 20143f01-7348-47f7-8763-7dabb6e65c44 - new get request getProductPriceOfBrandOnDate
2024-10-09 12:08:49 [http-nio-8080-exec-2] DEBUG c.i.t.p.controllers.PriceController - 20143f01-7348-47f7-8763-7dabb6e65c44 - Get request getProductPriceOfBrandOnDate. priceRequest: PriceRequest(productId=35455, brandId=1, priceDate=2020-06-15T10:00)
2024-10-09 12:08:49 [http-nio-8080-exec-2] DEBUG c.i.t.p.controllers.PriceController - 20143f01-7348-47f7-8763-7dabb6e65c44 - Get request getProductPriceOfBrandOnDate. response OK
2024-10-09 12:08:49 [http-nio-8080-exec-2] DEBUG c.i.t.p.controllers.PriceController - 20143f01-7348-47f7-8763-7dabb6e65c44 - Get request getProductPriceOfBrandOnDate. priceResponse: PriceResponse(priceList=3, productId=35455, brandId=1, startDate=2020-06-15T00:00, endDate=2020-06-15T11:00, value=30.50)
2024-10-09 12:09:06 [http-nio-8080-exec-9] ERROR c.i.t.p.c.HandlerExceptionController - 014df503-7e8d-4737-afef-c3e89317366e - No static resource favicon.ico.. error: AppError(message=Internal Error, error=Internal Error, status=500, date=2024-10-09T12:09:06.586898917)
2024-10-09 12:09:06 [http-nio-8080-exec-9] WARN  o.s.w.s.m.m.a.ExceptionHandlerExceptionResolver - 014df503-7e8d-4737-afef-c3e89317366e - Resolved [org.springframework.web.servlet.resource.NoResourceFoundException: No static resource favicon.ico.]
2024-10-09 12:09:08 [http-nio-8080-exec-1] ERROR c.i.t.p.c.HandlerExceptionController - d4471a47-ac9d-4ce7-bad2-f6e095841d6d - No static resource favicon.ico.. error: AppError(message=Internal Error, error=Internal Error, status=500, date=2024-10-09T12:09:08.674796800)
2024-10-09 12:09:08 [http-nio-8080-exec-1] WARN  o.s.w.s.m.m.a.ExceptionHandlerExceptionResolver - d4471a47-ac9d-4ce7-bad2-f6e095841d6d - Resolved [org.springframework.web.servlet.resource.NoResourceFoundException: No static resource favicon.ico.]
2024-10-09 12:20:06 [restartedMain] INFO  c.i.t.prices.PricesApplication -  - Starting PricesApplication using Java 17.0.12 with PID 6399 (/home/pablo/development/IdeaProjects/inditex/prices/target/classes started by pablo in /home/pablo/development/IdeaProjects/inditex/prices)
2024-10-09 12:20:06 [restartedMain] DEBUG c.i.t.prices.PricesApplication -  - Running with Spring Boot v3.3.4, Spring v6.1.13
2024-10-09 12:20:06 [restartedMain] INFO  c.i.t.prices.PricesApplication -  - No active profile set, falling back to 1 default profile: "default"
2024-10-09 12:20:11 [restartedMain] WARN  o.s.b.a.o.j.JpaBaseConfiguration$JpaWebConfiguration -  - spring.jpa.open-in-view is enabled by default. Therefore, database queries may be performed during view rendering. Explicitly configure spring.jpa.open-in-view to disable this warning
2024-10-09 12:20:12 [restartedMain] INFO  c.i.t.prices.PricesApplication -  - Started PricesApplication in 7.52 seconds (process running for 8.317)
2024-10-09 12:20:45 [http-nio-8080-exec-8] ERROR c.i.t.p.c.HandlerExceptionController - f2b2c672-115b-49d7-8b02-1cd5d9c07d2e - No static resource favicon.ico.. error: AppError(message=Internal Error, error=Internal Error, status=500, date=2024-10-09T12:20:45.312895616)
2024-10-09 12:20:45 [http-nio-8080-exec-8] WARN  o.s.w.s.m.m.a.ExceptionHandlerExceptionResolver - f2b2c672-115b-49d7-8b02-1cd5d9c07d2e - Resolved [org.springframework.web.servlet.resource.NoResourceFoundException: No static resource favicon.ico.]
2024-10-09 12:20:47 [http-nio-8080-exec-6] ERROR c.i.t.p.c.HandlerExceptionController - 6a1b8c3d-2b0d-4ac5-b13a-bf025a82becc - No static resource favicon.ico.. error: AppError(message=Internal Error, error=Internal Error, status=500, date=2024-10-09T12:20:47.350487299)
2024-10-09 12:20:47 [http-nio-8080-exec-6] WARN  o.s.w.s.m.m.a.ExceptionHandlerExceptionResolver - 6a1b8c3d-2b0d-4ac5-b13a-bf025a82becc - Resolved [org.springframework.web.servlet.resource.NoResourceFoundException: No static resource favicon.ico.]
2024-10-09 12:23:57 [http-nio-8080-exec-3] INFO  c.i.t.p.controllers.PriceController - b4f9d491-69ff-4946-bf5d-c77bf00bd841 - new get request getProductPriceOfBrandOnDate
2024-10-09 12:23:57 [http-nio-8080-exec-3] DEBUG c.i.t.p.controllers.PriceController - b4f9d491-69ff-4946-bf5d-c77bf00bd841 - Get request getProductPriceOfBrandOnDate. priceRequest: PriceRequest(productId=35455, brandId=1, priceDate=2020-06-16T21:00)
2024-10-09 12:23:58 [http-nio-8080-exec-3] DEBUG c.i.t.p.controllers.PriceController - b4f9d491-69ff-4946-bf5d-c77bf00bd841 - Get request getProductPriceOfBrandOnDate. response OK
2024-10-09 12:23:58 [http-nio-8080-exec-3] DEBUG c.i.t.p.controllers.PriceController - b4f9d491-69ff-4946-bf5d-c77bf00bd841 - Get request getProductPriceOfBrandOnDate. priceResponse: PriceResponse(priceList=4, productId=35455, brandId=1, startDate=2020-06-15T16:00, endDate=2020-12-31T23:59:59, value=38.95)
2024-10-09 12:28:43 [restartedMain] INFO  c.i.t.prices.PricesApplication -  - Starting PricesApplication using Java 17.0.12 with PID 5725 (/home/pablo/development/IdeaProjects/inditex/prices/target/classes started by pablo in /home/pablo/development/IdeaProjects/inditex/prices)
2024-10-09 12:28:43 [restartedMain] DEBUG c.i.t.prices.PricesApplication -  - Running with Spring Boot v3.3.4, Spring v6.1.13
2024-10-09 12:28:43 [restartedMain] INFO  c.i.t.prices.PricesApplication -  - No active profile set, falling back to 1 default profile: "default"
2024-10-09 12:28:48 [restartedMain] WARN  o.s.b.a.o.j.JpaBaseConfiguration$JpaWebConfiguration -  - spring.jpa.open-in-view is enabled by default. Therefore, database queries may be performed during view rendering. Explicitly configure spring.jpa.open-in-view to disable this warning
2024-10-09 12:28:49 [restartedMain] INFO  c.i.t.prices.PricesApplication -  - Started PricesApplication in 7.28 seconds (process running for 8.159)
2024-10-09 12:30:36 [http-nio-8080-exec-1] INFO  c.i.t.p.controllers.PriceController - 0f733431-08e9-44a7-a464-88e406949709 - new get request getProductPriceOfBrandOnDate
2024-10-09 12:30:36 [http-nio-8080-exec-1] DEBUG c.i.t.p.controllers.PriceController - 0f733431-08e9-44a7-a464-88e406949709 - Get request getProductPriceOfBrandOnDate. priceRequest: PriceRequest(productId=35455, brandId=1, priceDate=2020-06-16T21:00)
2024-10-09 12:30:36 [http-nio-8080-exec-1] DEBUG c.i.t.p.controllers.PriceController - 0f733431-08e9-44a7-a464-88e406949709 - Get request getProductPriceOfBrandOnDate. response OK
2024-10-09 12:30:36 [http-nio-8080-exec-1] DEBUG c.i.t.p.controllers.PriceController - 0f733431-08e9-44a7-a464-88e406949709 - Get request getProductPriceOfBrandOnDate. priceResponse: PriceResponse(priceList=4, productId=35455, brandId=1, startDate=2020-06-15T16:00, endDate=2020-12-31T23:59:59, value=38.95)
2024-10-09 12:31:17 [http-nio-8080-exec-9] ERROR c.i.t.p.c.HandlerExceptionController - e9042a42-aba1-402d-8295-6209004bff7b - No static resource favicon.ico.. error: AppError(message=Internal Error, error=Internal Error, status=500, date=2024-10-09T12:31:17.382735839)
2024-10-09 12:31:17 [http-nio-8080-exec-9] WARN  o.s.w.s.m.m.a.ExceptionHandlerExceptionResolver - e9042a42-aba1-402d-8295-6209004bff7b - Resolved [org.springframework.web.servlet.resource.NoResourceFoundException: No static resource favicon.ico.]
2024-10-09 12:31:19 [http-nio-8080-exec-10] ERROR c.i.t.p.c.HandlerExceptionController - 3d8c1e7b-a857-44a0-a6f8-167ffccd6ffe - No static resource favicon.ico.. error: AppError(message=Internal Error, error=Internal Error, status=500, date=2024-10-09T12:31:19.202737082)
2024-10-09 12:31:19 [http-nio-8080-exec-10] WARN  o.s.w.s.m.m.a.ExceptionHandlerExceptionResolver - 3d8c1e7b-a857-44a0-a6f8-167ffccd6ffe - Resolved [org.springframework.web.servlet.resource.NoResourceFoundException: No static resource favicon.ico.]
2024-10-09 12:31:22 [http-nio-8080-exec-7] ERROR c.i.t.p.c.HandlerExceptionController - afe43d86-d237-4e88-b2e4-d723a6b900b0 - No static resource favicon.ico.. error: AppError(message=Internal Error, error=Internal Error, status=500, date=2024-10-09T12:31:22.475025869)
2024-10-09 12:31:22 [http-nio-8080-exec-7] WARN  o.s.w.s.m.m.a.ExceptionHandlerExceptionResolver - afe43d86-d237-4e88-b2e4-d723a6b900b0 - Resolved [org.springframework.web.servlet.resource.NoResourceFoundException: No static resource favicon.ico.]
2024-10-09 12:31:23 [http-nio-8080-exec-9] ERROR c.i.t.p.c.HandlerExceptionController - ca85b76a-a2ef-41d8-b369-c0fcc533083d - No static resource favicon.ico.. error: AppError(message=Internal Error, error=Internal Error, status=500, date=2024-10-09T12:31:23.666826783)
2024-10-09 12:31:23 [http-nio-8080-exec-9] WARN  o.s.w.s.m.m.a.ExceptionHandlerExceptionResolver - ca85b76a-a2ef-41d8-b369-c0fcc533083d - Resolved [org.springframework.web.servlet.resource.NoResourceFoundException: No static resource favicon.ico.]
2024-10-09 12:31:26 [http-nio-8080-exec-1] ERROR c.i.t.p.c.HandlerExceptionController - 03022dcd-5818-4bcb-b1cb-0e1ffc18b642 - No static resource favicon.ico.. error: AppError(message=Internal Error, error=Internal Error, status=500, date=2024-10-09T12:31:26.196172800)
2024-10-09 12:31:26 [http-nio-8080-exec-1] WARN  o.s.w.s.m.m.a.ExceptionHandlerExceptionResolver - 03022dcd-5818-4bcb-b1cb-0e1ffc18b642 - Resolved [org.springframework.web.servlet.resource.NoResourceFoundException: No static resource favicon.ico.]
2024-10-09 12:31:29 [http-nio-8080-exec-6] ERROR c.i.t.p.c.HandlerExceptionController - a53372d7-3f7a-4378-9e77-f92cf57a011d - No static resource favicon.ico.. error: AppError(message=Internal Error, error=Internal Error, status=500, date=2024-10-09T12:31:29.264673084)
2024-10-09 12:31:29 [http-nio-8080-exec-6] WARN  o.s.w.s.m.m.a.ExceptionHandlerExceptionResolver - a53372d7-3f7a-4378-9e77-f92cf57a011d - Resolved [org.springframework.web.servlet.resource.NoResourceFoundException: No static resource favicon.ico.]
2024-10-09 12:35:44 [http-nio-8080-exec-7] INFO  c.i.t.p.controllers.PriceController - ffcd39d8-bb42-417b-868e-0353c26bd666 - new get request getProductPriceOfBrandOnDate
2024-10-09 12:35:44 [http-nio-8080-exec-7] DEBUG c.i.t.p.controllers.PriceController - ffcd39d8-bb42-417b-868e-0353c26bd666 - Get request getProductPriceOfBrandOnDate. priceRequest: PriceRequest(productId=35455, brandId=1, priceDate=2020-06-15T10:00)
2024-10-09 12:35:44 [http-nio-8080-exec-7] DEBUG c.i.t.p.controllers.PriceController - ffcd39d8-bb42-417b-868e-0353c26bd666 - Get request getProductPriceOfBrandOnDate. response OK
2024-10-09 12:35:44 [http-nio-8080-exec-7] DEBUG c.i.t.p.controllers.PriceController - ffcd39d8-bb42-417b-868e-0353c26bd666 - Get request getProductPriceOfBrandOnDate. priceResponse: PriceResponse(priceList=3, productId=35455, brandId=1, startDate=2020-06-15T00:00, endDate=2020-06-15T11:00, value=30.50)
2024-10-09 12:41:22 [restartedMain] INFO  c.i.t.prices.PricesApplication -  - Starting PricesApplication using Java 17.0.12 with PID 6184 (/home/pablo/development/IdeaProjects/inditex/prices/target/classes started by pablo in /home/pablo/development/IdeaProjects/inditex/prices)
2024-10-09 12:41:22 [restartedMain] DEBUG c.i.t.prices.PricesApplication -  - Running with Spring Boot v3.3.4, Spring v6.1.13
2024-10-09 12:41:22 [restartedMain] INFO  c.i.t.prices.PricesApplication -  - No active profile set, falling back to 1 default profile: "default"
2024-10-09 12:41:27 [restartedMain] WARN  o.s.b.a.o.j.JpaBaseConfiguration$JpaWebConfiguration -  - spring.jpa.open-in-view is enabled by default. Therefore, database queries may be performed during view rendering. Explicitly configure spring.jpa.open-in-view to disable this warning
2024-10-09 12:41:28 [restartedMain] INFO  c.i.t.prices.PricesApplication -  - Started PricesApplication in 6.951 seconds (process running for 8.089)
2024-10-09 12:41:54 [http-nio-8080-exec-7] ERROR c.i.t.p.c.HandlerExceptionController - 616d7e1c-2c87-4e78-8bd0-90881f406d45 - No static resource favicon.ico.. error: AppError(message=Internal Error, error=Internal Error, status=500, date=2024-10-09T12:41:54.634752918)
2024-10-09 12:41:54 [http-nio-8080-exec-7] WARN  o.s.w.s.m.m.a.ExceptionHandlerExceptionResolver - 616d7e1c-2c87-4e78-8bd0-90881f406d45 - Resolved [org.springframework.web.servlet.resource.NoResourceFoundException: No static resource favicon.ico.]
2024-10-09 12:41:56 [http-nio-8080-exec-1] ERROR c.i.t.p.c.HandlerExceptionController - a5c1853f-45e2-4e90-bc8e-5e8554294553 - No static resource favicon.ico.. error: AppError(message=Internal Error, error=Internal Error, status=500, date=2024-10-09T12:41:56.587495330)
2024-10-09 12:41:56 [http-nio-8080-exec-1] WARN  o.s.w.s.m.m.a.ExceptionHandlerExceptionResolver - a5c1853f-45e2-4e90-bc8e-5e8554294553 - Resolved [org.springframework.web.servlet.resource.NoResourceFoundException: No static resource favicon.ico.]
2024-10-09 12:45:50 [http-nio-8080-exec-9] INFO  c.i.t.p.controllers.PriceController - a84aec95-df7b-4321-bce0-05e9684454e2 - new get request getProductPriceOfBrandOnDate
2024-10-09 12:45:50 [http-nio-8080-exec-9] DEBUG c.i.t.p.controllers.PriceController - a84aec95-df7b-4321-bce0-05e9684454e2 - Get request getProductPriceOfBrandOnDate. priceRequest: PriceRequest(productId=35455, brandId=1, priceDate=2020-06-15T10:00)
2024-10-09 12:45:50 [http-nio-8080-exec-9] DEBUG c.i.t.p.controllers.PriceController - a84aec95-df7b-4321-bce0-05e9684454e2 - Get request getProductPriceOfBrandOnDate. response OK
2024-10-09 12:45:50 [http-nio-8080-exec-9] DEBUG c.i.t.p.controllers.PriceController - a84aec95-df7b-4321-bce0-05e9684454e2 - Get request getProductPriceOfBrandOnDate. priceResponse: PriceResponse(priceList=3, productId=35455, brandId=1, startDate=2020-06-15T00:00, endDate=2020-06-15T11:00, value=30.50)
2024-10-09 12:53:09 [restartedMain] INFO  c.i.t.prices.PricesApplication -  - Starting PricesApplication using Java 17.0.12 with PID 6521 (/home/pablo/development/IdeaProjects/inditex/prices/target/classes started by pablo in /home/pablo/development/IdeaProjects/inditex/prices)
2024-10-09 12:53:09 [restartedMain] DEBUG c.i.t.prices.PricesApplication -  - Running with Spring Boot v3.3.4, Spring v6.1.13
2024-10-09 12:53:09 [restartedMain] INFO  c.i.t.prices.PricesApplication -  - No active profile set, falling back to 1 default profile: "default"
2024-10-09 12:53:15 [restartedMain] WARN  o.s.b.a.o.j.JpaBaseConfiguration$JpaWebConfiguration -  - spring.jpa.open-in-view is enabled by default. Therefore, database queries may be performed during view rendering. Explicitly configure spring.jpa.open-in-view to disable this warning
2024-10-09 12:53:16 [restartedMain] INFO  c.i.t.prices.PricesApplication -  - Started PricesApplication in 7.815 seconds (process running for 8.329)
2024-10-09 12:53:36 [http-nio-8080-exec-7] ERROR c.i.t.p.c.HandlerExceptionController - a94650d4-e5f6-4572-8257-19a94cbb9273 - No static resource favicon.ico.. error: AppError(message=Internal Error, error=Internal Error, status=500, date=2024-10-09T12:53:36.278524555)
2024-10-09 12:53:36 [http-nio-8080-exec-7] WARN  o.s.w.s.m.m.a.ExceptionHandlerExceptionResolver - a94650d4-e5f6-4572-8257-19a94cbb9273 - Resolved [org.springframework.web.servlet.resource.NoResourceFoundException: No static resource favicon.ico.]
2024-10-09 12:53:38 [http-nio-8080-exec-4] ERROR c.i.t.p.c.HandlerExceptionController - 87123593-f36c-4469-91b5-81fc7d3262d5 - No static resource favicon.ico.. error: AppError(message=Internal Error, error=Internal Error, status=500, date=2024-10-09T12:53:38.008370025)
2024-10-09 12:53:38 [http-nio-8080-exec-4] WARN  o.s.w.s.m.m.a.ExceptionHandlerExceptionResolver - 87123593-f36c-4469-91b5-81fc7d3262d5 - Resolved [org.springframework.web.servlet.resource.NoResourceFoundException: No static resource favicon.ico.]
                                                                                                                                                                                                                                                                                                                                                                                                                                                                                                                                                                                                                                                                                                                                                                                                                                                                                                                                           2024-10-09 13:09:52 [restartedMain] INFO  c.i.t.prices.PricesApplication -  - Starting PricesApplication using Java 17.0.12 with PID 6892 (/home/pablo/development/IdeaProjects/inditex/prices/target/classes started by pablo in /home/pablo/development/IdeaProjects/inditex/prices)
2024-10-09 13:09:52 [restartedMain] DEBUG c.i.t.prices.PricesApplication -  - Running with Spring Boot v3.3.4, Spring v6.1.13
2024-10-09 13:09:52 [restartedMain] INFO  c.i.t.prices.PricesApplication -  - No active profile set, falling back to 1 default profile: "default"
2024-10-09 13:09:57 [restartedMain] WARN  o.s.b.a.o.j.JpaBaseConfiguration$JpaWebConfiguration -  - spring.jpa.open-in-view is enabled by default. Therefore, database queries may be performed during view rendering. Explicitly configure spring.jpa.open-in-view to disable this warning
2024-10-09 13:09:57 [restartedMain] INFO  c.i.t.prices.PricesApplication -  - Started PricesApplication in 5.68 seconds (process running for 6.046)
2024-10-09 13:09:58 [http-nio-8080-exec-7] ERROR c.i.t.p.c.HandlerExceptionController - e62966d9-e6b2-4997-ab65-c4350351a974 - No static resource favicon.ico.. error: AppError(message=Internal Error, error=Internal Error, status=500, date=2024-10-09T13:09:58.724984920)
2024-10-09 13:09:58 [http-nio-8080-exec-7] WARN  o.s.w.s.m.m.a.ExceptionHandlerExceptionResolver - e62966d9-e6b2-4997-ab65-c4350351a974 - Resolved [org.springframework.web.servlet.resource.NoResourceFoundException: No static resource favicon.ico.]
2024-10-09 13:10:00 [http-nio-8080-exec-8] ERROR c.i.t.p.c.HandlerExceptionController - 0fc22c78-7898-4a77-b993-9e5372197881 - No static resource favicon.ico.. error: AppError(message=Internal Error, error=Internal Error, status=500, date=2024-10-09T13:10:00.671941776)
2024-10-09 13:10:00 [http-nio-8080-exec-8] WARN  o.s.w.s.m.m.a.ExceptionHandlerExceptionResolver - 0fc22c78-7898-4a77-b993-9e5372197881 - Resolved [org.springframework.web.servlet.resource.NoResourceFoundException: No static resource favicon.ico.]
2024-10-09 13:13:52 [SpringApplicationShutdownHook] WARN  o.s.b.f.s.DisposableBeanAdapter -  - Invocation of destroy method failed on bean with name 'inMemoryDatabaseShutdownExecutor': org.h2.jdbc.JdbcSQLNonTransientConnectionException: La base de datos ya esta cerrada (para des-habilitar el cerrado automatico durante el shutdown de la VM, agregue ";DB_CLOSE_ON_EXIT=FALSE" a la URL de conexión)
Database is already closed (to disable automatic closing at VM shutdown, add ";DB_CLOSE_ON_EXIT=FALSE" to the db URL) [90121-224]
2024-10-09 13:14:05 [main] INFO  c.i.t.prices.PricesApplicationTests -  - Starting PricesApplicationTests using Java 17.0.12 with PID 7279 (started by pablo in /home/pablo/development/IdeaProjects/inditex/prices)
2024-10-09 13:14:05 [main] DEBUG c.i.t.prices.PricesApplicationTests -  - Running with Spring Boot v3.3.4, Spring v6.1.13
2024-10-09 13:14:05 [main] INFO  c.i.t.prices.PricesApplicationTests -  - The following 1 profile is active: "test"
2024-10-09 13:14:11 [main] WARN  o.s.b.a.o.j.JpaBaseConfiguration$JpaWebConfiguration -  - spring.jpa.open-in-view is enabled by default. Therefore, database queries may be performed during view rendering. Explicitly configure spring.jpa.open-in-view to disable this warning
2024-10-09 13:14:12 [main] INFO  c.i.t.prices.PricesApplicationTests -  - Started PricesApplicationTests in 7.378 seconds (process running for 8.514)
2024-10-09 13:14:14 [http-nio-auto-1-exec-1] INFO  c.i.t.p.controllers.PriceController - b4cec4c3-7873-45ba-a11a-6c7a51958700 - new get request getProductPriceOfBrandOnDate
2024-10-09 13:14:14 [http-nio-auto-1-exec-1] DEBUG c.i.t.p.controllers.PriceController - b4cec4c3-7873-45ba-a11a-6c7a51958700 - Get request getProductPriceOfBrandOnDate. priceRequest: PriceRequest(productId=35455, brandId=1, priceDate=2020-06-15T10:00)
2024-10-09 13:14:14 [http-nio-auto-1-exec-1] DEBUG c.i.t.p.controllers.PriceController - b4cec4c3-7873-45ba-a11a-6c7a51958700 - Get request getProductPriceOfBrandOnDate. response OK
2024-10-09 13:14:14 [http-nio-auto-1-exec-1] DEBUG c.i.t.p.controllers.PriceController - b4cec4c3-7873-45ba-a11a-6c7a51958700 - Get request getProductPriceOfBrandOnDate. priceResponse: PriceResponse(priceList=3, productId=35455, brandId=1, startDate=2020-06-15T00:00, endDate=2020-06-15T11:00, value=30.50)
2024-10-09 13:14:15 [http-nio-auto-1-exec-2] INFO  c.i.t.p.controllers.PriceController - b2824287-a056-4c80-93b5-955a7f332a95 - new get request getProductPriceOfBrandOnDate
2024-10-09 13:14:15 [http-nio-auto-1-exec-2] DEBUG c.i.t.p.controllers.PriceController - b2824287-a056-4c80-93b5-955a7f332a95 - Get request getProductPriceOfBrandOnDate. priceRequest: PriceRequest(productId=35455, brandId=1, priceDate=2020-06-14T21:00)
2024-10-09 13:14:15 [http-nio-auto-1-exec-2] DEBUG c.i.t.p.controllers.PriceController - b2824287-a056-4c80-93b5-955a7f332a95 - Get request getProductPriceOfBrandOnDate. response OK
2024-10-09 13:14:15 [http-nio-auto-1-exec-2] DEBUG c.i.t.p.controllers.PriceController - b2824287-a056-4c80-93b5-955a7f332a95 - Get request getProductPriceOfBrandOnDate. priceResponse: PriceResponse(priceList=1, productId=35455, brandId=1, startDate=2020-06-14T00:00, endDate=2020-12-31T23:59:59, value=35.50)
2024-10-09 13:14:15 [http-nio-auto-1-exec-3] INFO  c.i.t.p.controllers.PriceController - 3488c3a9-fdbb-491f-af24-81359002f54f - new get request getProductPriceOfBrandOnDate
2024-10-09 13:14:15 [http-nio-auto-1-exec-3] DEBUG c.i.t.p.controllers.PriceController - 3488c3a9-fdbb-491f-af24-81359002f54f - Get request getProductPriceOfBrandOnDate. priceRequest: PriceRequest(productId=35455, brandId=1, priceDate=2021-08-16T21:00)
2024-10-09 13:14:15 [http-nio-auto-1-exec-3] WARN  c.i.t.p.controllers.PriceController - 3488c3a9-fdbb-491f-af24-81359002f54f - No price found for the given request. Returning 404.
2024-10-09 13:14:15 [http-nio-auto-1-exec-4] INFO  c.i.t.p.controllers.PriceController - 90f902f1-569a-4574-8850-77298ed3385b - new get request getProductPriceOfBrandOnDate
2024-10-09 13:14:15 [http-nio-auto-1-exec-4] DEBUG c.i.t.p.controllers.PriceController - 90f902f1-569a-4574-8850-77298ed3385b - Get request getProductPriceOfBrandOnDate. priceRequest: PriceRequest(productId=35455, brandId=1, priceDate=2020-06-16T21:00)
2024-10-09 13:14:15 [http-nio-auto-1-exec-4] DEBUG c.i.t.p.controllers.PriceController - 90f902f1-569a-4574-8850-77298ed3385b - Get request getProductPriceOfBrandOnDate. response OK
2024-10-09 13:14:15 [http-nio-auto-1-exec-4] DEBUG c.i.t.p.controllers.PriceController - 90f902f1-569a-4574-8850-77298ed3385b - Get request getProductPriceOfBrandOnDate. priceResponse: PriceResponse(priceList=4, productId=35455, brandId=1, startDate=2020-06-15T16:00, endDate=2020-12-31T23:59:59, value=38.95)
2024-10-09 13:14:16 [http-nio-auto-1-exec-5] INFO  c.i.t.p.controllers.PriceController - b1342b16-bbff-48a3-8c8d-bd8f0d765a83 - new get request getProductPriceOfBrandOnDate
2024-10-09 13:14:16 [http-nio-auto-1-exec-5] DEBUG c.i.t.p.controllers.PriceController - b1342b16-bbff-48a3-8c8d-bd8f0d765a83 - Get request getProductPriceOfBrandOnDate. priceRequest: PriceRequest(productId=35455, brandId=1, priceDate=2020-06-14T10:00)
2024-10-09 13:14:16 [http-nio-auto-1-exec-5] DEBUG c.i.t.p.controllers.PriceController - b1342b16-bbff-48a3-8c8d-bd8f0d765a83 - Get request getProductPriceOfBrandOnDate. response OK
2024-10-09 13:14:16 [http-nio-auto-1-exec-5] DEBUG c.i.t.p.controllers.PriceController - b1342b16-bbff-48a3-8c8d-bd8f0d765a83 - Get request getProductPriceOfBrandOnDate. priceResponse: PriceResponse(priceList=1, productId=35455, brandId=1, startDate=2020-06-14T00:00, endDate=2020-12-31T23:59:59, value=35.50)
2024-10-09 13:14:16 [http-nio-auto-1-exec-6] INFO  c.i.t.p.controllers.PriceController - 4230d11e-20c3-4cf1-9980-c5640c72bf2d - new get request getProductPriceOfBrandOnDate
2024-10-09 13:14:16 [http-nio-auto-1-exec-6] DEBUG c.i.t.p.controllers.PriceController - 4230d11e-20c3-4cf1-9980-c5640c72bf2d - Get request getProductPriceOfBrandOnDate. priceRequest: PriceRequest(productId=35455, brandId=1, priceDate=2020-06-14T16:00)
2024-10-09 13:14:16 [http-nio-auto-1-exec-6] DEBUG c.i.t.p.controllers.PriceController - 4230d11e-20c3-4cf1-9980-c5640c72bf2d - Get request getProductPriceOfBrandOnDate. response OK
2024-10-09 13:14:16 [http-nio-auto-1-exec-6] DEBUG c.i.t.p.controllers.PriceController - 4230d11e-20c3-4cf1-9980-c5640c72bf2d - Get request getProductPriceOfBrandOnDate. priceResponse: PriceResponse(priceList=2, productId=35455, brandId=1, startDate=2020-06-14T15:00, endDate=2020-06-14T18:30, value=25.45)
2024-10-09 13:14:16 [main] INFO  c.i.t.p.controllers.PriceController -  - new get request getProductPriceOfBrandOnDate
2024-10-09 13:14:16 [main] DEBUG c.i.t.p.controllers.PriceController -  - Get request getProductPriceOfBrandOnDate. priceRequest: PriceRequest(productId=1, brandId=1, priceDate=2024-10-09T13:14:16.899263627)
2024-10-09 13:14:16 [main] WARN  c.i.t.p.controllers.PriceController -  - No price found for the given request. Returning 404.
2024-10-09 13:14:17 [main] INFO  c.i.t.p.controllers.PriceController -  - new get request getProductPriceOfBrandOnDate
2024-10-09 13:14:17 [main] DEBUG c.i.t.p.controllers.PriceController -  - Get request getProductPriceOfBrandOnDate. priceRequest: PriceRequest(productId=1, brandId=1, priceDate=2024-10-09T13:14:16)
2024-10-09 13:14:17 [main] DEBUG c.i.t.p.controllers.PriceController -  - Get request getProductPriceOfBrandOnDate. response OK
2024-10-09 13:14:17 [main] DEBUG c.i.t.p.controllers.PriceController -  - Get request getProductPriceOfBrandOnDate. priceResponse: PriceResponse(priceList=1, productId=1, brandId=1, startDate=2024-10-09T13:14:16, endDate=2024-10-10T13:14:16, value=100)
2024-10-09 13:23:04 [restartedMain] INFO  c.i.t.prices.PricesApplication -  - Starting PricesApplication using Java 17.0.12 with PID 7797 (/home/pablo/development/IdeaProjects/inditex/prices/target/classes started by pablo in /home/pablo/development/IdeaProjects/inditex/prices)
2024-10-09 13:23:04 [restartedMain] DEBUG c.i.t.prices.PricesApplication -  - Running with Spring Boot v3.3.4, Spring v6.1.13
2024-10-09 13:23:04 [restartedMain] INFO  c.i.t.prices.PricesApplication -  - No active profile set, falling back to 1 default profile: "default"
2024-10-09 13:23:09 [restartedMain] WARN  o.s.b.a.o.j.JpaBaseConfiguration$JpaWebConfiguration -  - spring.jpa.open-in-view is enabled by default. Therefore, database queries may be performed during view rendering. Explicitly configure spring.jpa.open-in-view to disable this warning
2024-10-09 13:23:10 [restartedMain] INFO  c.i.t.prices.PricesApplication -  - Started PricesApplication in 5.753 seconds (process running for 6.156)
2024-10-09 13:24:14 [SpringApplicationShutdownHook] WARN  o.s.b.f.s.DisposableBeanAdapter -  - Invocation of destroy method failed on bean with name 'inMemoryDatabaseShutdownExecutor': org.h2.jdbc.JdbcSQLNonTransientConnectionException: La base de datos ya esta cerrada (para des-habilitar el cerrado automatico durante el shutdown de la VM, agregue ";DB_CLOSE_ON_EXIT=FALSE" a la URL de conexión)
Database is already closed (to disable automatic closing at VM shutdown, add ";DB_CLOSE_ON_EXIT=FALSE" to the db URL) [90121-224]
2024-10-09 13:24:22 [restartedMain] INFO  c.i.t.prices.PricesApplication -  - Starting PricesApplication using Java 17.0.12 with PID 7984 (/home/pablo/development/IdeaProjects/inditex/prices/target/classes started by pablo in /home/pablo/development/IdeaProjects/inditex/prices)
2024-10-09 13:24:22 [restartedMain] DEBUG c.i.t.prices.PricesApplication -  - Running with Spring Boot v3.3.4, Spring v6.1.13
2024-10-09 13:24:22 [restartedMain] INFO  c.i.t.prices.PricesApplication -  - No active profile set, falling back to 1 default profile: "default"
2024-10-09 13:24:26 [restartedMain] WARN  o.s.b.a.o.j.JpaBaseConfiguration$JpaWebConfiguration -  - spring.jpa.open-in-view is enabled by default. Therefore, database queries may be performed during view rendering. Explicitly configure spring.jpa.open-in-view to disable this warning
2024-10-09 13:24:27 [restartedMain] INFO  c.i.t.prices.PricesApplication -  - Started PricesApplication in 5.194 seconds (process running for 5.552)
2024-10-09 13:25:02 [http-nio-8080-exec-2] INFO  c.i.t.p.controllers.PriceController - 8cd786c0-c7a1-49ae-bcdb-2840252f20b3 - getProductPriceOfBrandOnDate. new get request.
2024-10-09 13:25:02 [http-nio-8080-exec-2] DEBUG c.i.t.p.controllers.PriceController - 8cd786c0-c7a1-49ae-bcdb-2840252f20b3 - getProductPriceOfBrandOnDate. priceRequest: PriceRequest(productId=35455, brandId=1, priceDate=2020-06-15T10:00)
2024-10-09 13:25:02 [http-nio-8080-exec-2] INFO  c.i.t.p.controllers.PriceController - 8cd786c0-c7a1-49ae-bcdb-2840252f20b3 - getProductPriceOfBrandOnDate. called
2024-10-09 13:25:03 [http-nio-8080-exec-2] DEBUG c.i.t.p.controllers.PriceController - 8cd786c0-c7a1-49ae-bcdb-2840252f20b3 - getProductPriceOfBrandOnDate. priceResponse: PriceResponse(priceList=3, productId=35455, brandId=1, startDate=2020-06-15T00:00, endDate=2020-06-15T11:00, value=30.50)
2024-10-09 13:25:03 [http-nio-8080-exec-2] INFO  c.i.t.p.controllers.PriceController - 8cd786c0-c7a1-49ae-bcdb-2840252f20b3 - getProductPriceOfBrandOnDate. response OK
2024-10-09 13:29:06 [main] INFO  c.i.t.prices.PricesApplicationTests -  - Starting PricesApplicationTests using Java 21.0.4 with PID 5189 (started by pablo in /home/pablo/development/IdeaProjects/inditex/prices)
2024-10-09 13:29:06 [main] DEBUG c.i.t.prices.PricesApplicationTests -  - Running with Spring Boot v3.3.4, Spring v6.1.13
2024-10-09 13:29:06 [main] INFO  c.i.t.prices.PricesApplicationTests -  - The following 1 profile is active: "test"
2024-10-09 13:29:13 [main] WARN  o.s.b.a.o.j.JpaBaseConfiguration$JpaWebConfiguration -  - spring.jpa.open-in-view is enabled by default. Therefore, database queries may be performed during view rendering. Explicitly configure spring.jpa.open-in-view to disable this warning
2024-10-09 13:29:14 [main] INFO  c.i.t.prices.PricesApplicationTests -  - Started PricesApplicationTests in 8.583 seconds (process running for 10.229)
2024-10-09 13:29:18 [http-nio-auto-1-exec-1] INFO  c.i.t.p.controllers.PriceController - 9e0428e1-b979-4899-aaf8-986b8f850e9a - getProductPriceOfBrandOnDate. new get request.
2024-10-09 13:29:18 [http-nio-auto-1-exec-1] DEBUG c.i.t.p.controllers.PriceController - 9e0428e1-b979-4899-aaf8-986b8f850e9a - getProductPriceOfBrandOnDate. priceRequest: PriceRequest(productId=35455, brandId=1, priceDate=2020-06-15T10:00)
2024-10-09 13:29:18 [http-nio-auto-1-exec-1] INFO  c.i.t.p.controllers.PriceController - 9e0428e1-b979-4899-aaf8-986b8f850e9a - getProductPriceOfBrandOnDate. called
2024-10-09 13:29:18 [http-nio-auto-1-exec-1] DEBUG c.i.t.p.controllers.PriceController - 9e0428e1-b979-4899-aaf8-986b8f850e9a - getProductPriceOfBrandOnDate. priceResponse: PriceResponse(priceList=3, productId=35455, brandId=1, startDate=2020-06-15T00:00, endDate=2020-06-15T11:00, value=30.50)
2024-10-09 13:29:18 [http-nio-auto-1-exec-1] INFO  c.i.t.p.controllers.PriceController - 9e0428e1-b979-4899-aaf8-986b8f850e9a - getProductPriceOfBrandOnDate. response OK
2024-10-09 13:29:20 [http-nio-auto-1-exec-2] INFO  c.i.t.p.controllers.PriceController - f29a4cfc-c090-49c8-9456-6902e09d4ac5 - getProductPriceOfBrandOnDate. new get request.
2024-10-09 13:29:20 [http-nio-auto-1-exec-2] DEBUG c.i.t.p.controllers.PriceController - f29a4cfc-c090-49c8-9456-6902e09d4ac5 - getProductPriceOfBrandOnDate. priceRequest: PriceRequest(productId=35455, brandId=1, priceDate=2020-06-14T21:00)
2024-10-09 13:29:20 [http-nio-auto-1-exec-2] INFO  c.i.t.p.controllers.PriceController - f29a4cfc-c090-49c8-9456-6902e09d4ac5 - getProductPriceOfBrandOnDate. called
2024-10-09 13:29:20 [http-nio-auto-1-exec-2] DEBUG c.i.t.p.controllers.PriceController - f29a4cfc-c090-49c8-9456-6902e09d4ac5 - getProductPriceOfBrandOnDate. priceResponse: PriceResponse(priceList=1, productId=35455, brandId=1, startDate=2020-06-14T00:00, endDate=2020-12-31T23:59:59, value=35.50)
2024-10-09 13:29:20 [http-nio-auto-1-exec-2] INFO  c.i.t.p.controllers.PriceController - f29a4cfc-c090-49c8-9456-6902e09d4ac5 - getProductPriceOfBrandOnDate. response OK
2024-10-09 13:29:20 [http-nio-auto-1-exec-3] INFO  c.i.t.p.controllers.PriceController - 898aa43e-8850-4ac5-a300-5bc0c5b9b512 - getProductPriceOfBrandOnDate. new get request.
2024-10-09 13:29:20 [http-nio-auto-1-exec-3] DEBUG c.i.t.p.controllers.PriceController - 898aa43e-8850-4ac5-a300-5bc0c5b9b512 - getProductPriceOfBrandOnDate. priceRequest: PriceRequest(productId=35455, brandId=1, priceDate=2021-08-16T21:00)
2024-10-09 13:29:20 [http-nio-auto-1-exec-3] INFO  c.i.t.p.controllers.PriceController - 898aa43e-8850-4ac5-a300-5bc0c5b9b512 - getProductPriceOfBrandOnDate. called
2024-10-09 13:29:20 [http-nio-auto-1-exec-3] WARN  c.i.t.p.controllers.PriceController - 898aa43e-8850-4ac5-a300-5bc0c5b9b512 - getProductPriceOfBrandOnDate. No price found for the given request. Returning 404.
2024-10-09 13:29:20 [http-nio-auto-1-exec-4] INFO  c.i.t.p.controllers.PriceController - 222e7650-d917-4981-ad10-7adb59784390 - getProductPriceOfBrandOnDate. new get request.
2024-10-09 13:29:20 [http-nio-auto-1-exec-4] DEBUG c.i.t.p.controllers.PriceController - 222e7650-d917-4981-ad10-7adb59784390 - getProductPriceOfBrandOnDate. priceRequest: PriceRequest(productId=35455, brandId=1, priceDate=2020-06-16T21:00)
2024-10-09 13:29:20 [http-nio-auto-1-exec-4] INFO  c.i.t.p.controllers.PriceController - 222e7650-d917-4981-ad10-7adb59784390 - getProductPriceOfBrandOnDate. called
2024-10-09 13:29:20 [http-nio-auto-1-exec-4] DEBUG c.i.t.p.controllers.PriceController - 222e7650-d917-4981-ad10-7adb59784390 - getProductPriceOfBrandOnDate. priceResponse: PriceResponse(priceList=4, productId=35455, brandId=1, startDate=2020-06-15T16:00, endDate=2020-12-31T23:59:59, value=38.95)
2024-10-09 13:29:20 [http-nio-auto-1-exec-4] INFO  c.i.t.p.controllers.PriceController - 222e7650-d917-4981-ad10-7adb59784390 - getProductPriceOfBrandOnDate. response OK
2024-10-09 13:29:20 [http-nio-auto-1-exec-5] INFO  c.i.t.p.controllers.PriceController - 17de978f-d24b-4013-ac2a-aced5da5ee7f - getProductPriceOfBrandOnDate. new get request.
2024-10-09 13:29:20 [http-nio-auto-1-exec-5] DEBUG c.i.t.p.controllers.PriceController - 17de978f-d24b-4013-ac2a-aced5da5ee7f - getProductPriceOfBrandOnDate. priceRequest: PriceRequest(productId=35455, brandId=1, priceDate=2020-06-14T10:00)
2024-10-09 13:29:20 [http-nio-auto-1-exec-5] INFO  c.i.t.p.controllers.PriceController - 17de978f-d24b-4013-ac2a-aced5da5ee7f - getProductPriceOfBrandOnDate. called
2024-10-09 13:29:20 [http-nio-auto-1-exec-5] DEBUG c.i.t.p.controllers.PriceController - 17de978f-d24b-4013-ac2a-aced5da5ee7f - getProductPriceOfBrandOnDate. priceResponse: PriceResponse(priceList=1, productId=35455, brandId=1, startDate=2020-06-14T00:00, endDate=2020-12-31T23:59:59, value=35.50)
2024-10-09 13:29:20 [http-nio-auto-1-exec-5] INFO  c.i.t.p.controllers.PriceController - 17de978f-d24b-4013-ac2a-aced5da5ee7f - getProductPriceOfBrandOnDate. response OK
2024-10-09 13:29:20 [http-nio-auto-1-exec-6] INFO  c.i.t.p.controllers.PriceController - c48f7d27-051f-4ad4-98b1-c5335ecd23e8 - getProductPriceOfBrandOnDate. new get request.
2024-10-09 13:29:20 [http-nio-auto-1-exec-6] DEBUG c.i.t.p.controllers.PriceController - c48f7d27-051f-4ad4-98b1-c5335ecd23e8 - getProductPriceOfBrandOnDate. priceRequest: PriceRequest(productId=35455, brandId=1, priceDate=2020-06-14T16:00)
2024-10-09 13:29:20 [http-nio-auto-1-exec-6] INFO  c.i.t.p.controllers.PriceController - c48f7d27-051f-4ad4-98b1-c5335ecd23e8 - getProductPriceOfBrandOnDate. called
2024-10-09 13:29:20 [http-nio-auto-1-exec-6] DEBUG c.i.t.p.controllers.PriceController - c48f7d27-051f-4ad4-98b1-c5335ecd23e8 - getProductPriceOfBrandOnDate. priceResponse: PriceResponse(priceList=2, productId=35455, brandId=1, startDate=2020-06-14T15:00, endDate=2020-06-14T18:30, value=25.45)
2024-10-09 13:29:20 [http-nio-auto-1-exec-6] INFO  c.i.t.p.controllers.PriceController - c48f7d27-051f-4ad4-98b1-c5335ecd23e8 - getProductPriceOfBrandOnDate. response OK
2024-10-09 13:29:21 [main] INFO  c.i.t.p.controllers.PriceController -  - getProductPriceOfBrandOnDate. called
2024-10-09 13:29:21 [main] INFO  c.i.t.p.controllers.PriceController -  - getProductPriceOfBrandOnDate. called
2024-10-09 13:29:22 [main] INFO  c.i.t.p.controllers.PriceController -  - getProductPriceOfBrandOnDate. new get request.
2024-10-09 13:29:22 [main] DEBUG c.i.t.p.controllers.PriceController -  - getProductPriceOfBrandOnDate. priceRequest: PriceRequest(productId=1, brandId=1, priceDate=2024-10-09T13:29:22.065637062)
2024-10-09 13:29:22 [main] WARN  c.i.t.p.controllers.PriceController -  - getProductPriceOfBrandOnDate. No price found for the given request. Returning 404.
2024-10-09 13:29:22 [main] INFO  c.i.t.p.controllers.PriceController -  - getProductPriceOfBrandOnDate. new get request.
2024-10-09 13:29:22 [main] DEBUG c.i.t.p.controllers.PriceController -  - getProductPriceOfBrandOnDate. priceRequest: PriceRequest(productId=1, brandId=1, priceDate=2024-10-09T13:29:22)
2024-10-09 13:29:22 [main] DEBUG c.i.t.p.controllers.PriceController -  - getProductPriceOfBrandOnDate. priceResponse: PriceResponse(priceList=1, productId=1, brandId=1, startDate=2024-10-09T13:29:22, endDate=2024-10-10T13:29:22, value=100)
2024-10-09 13:29:22 [main] INFO  c.i.t.p.controllers.PriceController -  - getProductPriceOfBrandOnDate. response OK
